  bash arg: -p
  bash arg: com.jieshun.jslife
  bash arg: -s
  bash arg: 714
  bash arg: --throttle
  bash arg: 300
  bash arg: --ignore-crashes
  bash arg: --ignore-timeouts
  bash arg: --pct-touch
  bash arg: 80
  bash arg: --pct-trackball
  bash arg: 5
  bash arg: --pct-appswitch
  bash arg: 5
  bash arg: --pct-syskeys
  bash arg: 5
  bash arg: --pct-motion
  bash arg: 5
  bash arg: -v
  bash arg: -v
  bash arg: 500
:Monkey: seed=714 count=500
:AllowPackage: com.jieshun.jslife
:IncludeCategory: android.intent.category.LAUNCHER
:IncludeCategory: android.intent.category.MONKEY
// Selecting main activities from category android.intent.category.LAUNCHER
//   + Using main activity com.jieshun.jslife.activity.common.WelcomeActivity (from package com.jieshun.jslife)
// Selecting main activities from category android.intent.category.MONKEY
// Seeded: 714
// Event percentages:
//   0: 80.0%
//   1: 5.0%
//   2: 0.0%
//   3: 5.0%
//   4: -0.0%
//   5: -0.0%
//   6: 0.0%
//   7: 0.0%
//   8: 5.0%
//   9: 5.0%
//   10: 0.0%
//   11: 0.0%
:Switch: #Intent;action=android.intent.action.MAIN;category=android.intent.category.LAUNCHER;launchFlags=0x10200000;component=com.jieshun.jslife/.activity.common.WelcomeActivity;end
    // Allowing start of Intent { act=android.intent.action.MAIN cat=[android.intent.category.LAUNCHER] cmp=com.jieshun.jslife/.activity.common.WelcomeActivity } in package com.jieshun.jslife
Sleeping for 300 milliseconds
:Switch: #Intent;action=android.intent.action.MAIN;category=android.intent.category.LAUNCHER;launchFlags=0x10200000;component=com.jieshun.jslife/.activity.common.WelcomeActivity;end
    // Allowing start of Intent { act=android.intent.action.MAIN cat=[android.intent.category.LAUNCHER] cmp=com.jieshun.jslife/.activity.common.WelcomeActivity } in package com.jieshun.jslife
Sleeping for 300 milliseconds
:Sending Touch (ACTION_DOWN): 0:(157.0,717.0)
:Sending Touch (ACTION_UP): 0:(163.91931,704.88403)
Sleeping for 300 milliseconds
    // Allowing start of Intent { cmp=com.jieshun.jslife/.activity.minicommunity.MonthlyCardPaymentActivity } in package com.jieshun.jslife
:Sending Touch (ACTION_DOWN): 0:(965.0,194.0)
:Sending Touch (ACTION_MOVE): 0:(974.2043,194.37907)
:Sending Touch (ACTION_MOVE): 0:(974.80524,195.75877)
:Sending Touch (ACTION_MOVE): 0:(984.0848,196.34703)
:Sending Touch (ACTION_MOVE): 0:(988.7402,198.47197)
:Sending Touch (ACTION_UP): 0:(989.85114,198.74449)
Sleeping for 300 milliseconds
    // Allowing start of Intent { cmp=com.jieshun.jslife/.activity.userinfo.ConsumeRecordActivity } in package com.jieshun.jslife
:Sending Touch (ACTION_DOWN): 0:(400.0,612.0)
:Sending Touch (ACTION_UP): 0:(405.9928,617.27826)
Sleeping for 300 milliseconds
    // Allowing start of Intent { cmp=com.jieshun.jslife/.activity.userinfo.ConsumeOrderDetailActivity } in package com.jieshun.jslife
:Sending Touch (ACTION_DOWN): 0:(834.0,943.0)
:Sending Touch (ACTION_UP): 0:(838.42456,943.7993)
Sleeping for 300 milliseconds
:Sending Touch (ACTION_DOWN): 0:(243.0,966.0)
:Sending Touch (ACTION_UP): 0:(233.13885,960.8746)
Sleeping for 300 milliseconds
:Sending Touch (ACTION_DOWN): 0:(33.0,267.0)
:Sending Touch (ACTION_UP): 0:(32.78576,258.65073)
Sleeping for 300 milliseconds
:Sending Touch (ACTION_DOWN): 0:(897.0,295.0)
:Sending Touch (ACTION_MOVE): 0:(884.26746,293.36325)
:Sending Touch (ACTION_MOVE): 0:(873.03046,290.50635)
:Sending Touch (ACTION_MOVE): 0:(856.2143,289.51663)
:Sending Touch (ACTION_MOVE): 0:(852.02075,289.22733)
:Sending Touch (ACTION_MOVE): 0:(849.93134,288.75494)
:Sending Touch (ACTION_MOVE): 0:(844.4259,286.91013)
:Sending Touch (ACTION_MOVE): 0:(831.3557,283.19705)
:Sending Touch (ACTION_MOVE): 0:(820.83215,283.05453)
:Sending Touch (ACTION_UP): 0:(809.22754,282.0788)
Sleeping for 300 milliseconds
:Sending Touch (ACTION_DOWN): 0:(650.0,1575.0)
:Sending Touch (ACTION_UP): 0:(664.6759,1579.4103)
Sleeping for 300 milliseconds
:Sending Touch (ACTION_DOWN): 0:(34.0,1707.0)
:Sending Touch (ACTION_UP): 0:(31.817562,1699.125)
Sleeping for 300 milliseconds
:Sending Touch (ACTION_DOWN): 0:(1009.0,684.0)
:Sending Touch (ACTION_UP): 0:(1002.82666,683.9873)
Sleeping for 300 milliseconds
:Sending Touch (ACTION_DOWN): 0:(94.0,110.0)
:Sending Touch (ACTION_MOVE): 0:(94.47237,120.690895)
:Sending Touch (ACTION_MOVE): 0:(95.51283,124.9059)
:Sending Touch (ACTION_MOVE): 0:(97.00841,135.60623)
:Sending Touch (ACTION_MOVE): 0:(102.96422,137.36514)
:Sending Touch (ACTION_MOVE): 0:(108.48283,149.98701)
:Sending Touch (ACTION_UP): 0:(111.43146,155.98012)
Sleeping for 300 milliseconds
    // activityResuming(com.jieshun.jslife)
:Sending Touch (ACTION_DOWN): 0:(1037.0,1778.0)
:Sending Touch (ACTION_UP): 0:(1050.48,1781.6361)
Sleeping for 300 milliseconds
:Sending Touch (ACTION_DOWN): 0:(212.0,369.0)
:Sending Touch (ACTION_MOVE): 0:(211.93239,359.45126)
:Sending Touch (ACTION_MOVE): 0:(210.8668,356.9307)
:Sending Touch (ACTION_MOVE): 0:(209.85147,340.5898)
:Sending Touch (ACTION_MOVE): 0:(209.23352,337.41296)
:Sending Touch (ACTION_UP): 0:(208.97919,320.12527)
Sleeping for 300 milliseconds
:Sending Touch (ACTION_DOWN): 0:(234.0,1555.0)
:Sending Touch (ACTION_UP): 0:(229.79205,1544.2955)
Sleeping for 300 milliseconds
:Sending Touch (ACTION_DOWN): 0:(235.0,1412.0)
:Sending Touch (ACTION_UP): 0:(217.04984,1411.9865)
Sleeping for 300 milliseconds
:Sending Touch (ACTION_DOWN): 0:(783.0,365.0)
:Sending Touch (ACTION_UP): 0:(768.27,372.93298)
Sleeping for 300 milliseconds
    // Allowing start of Intent { cmp=com.jieshun.jslife/.activity.userinfo.ConsumeOrderDetailActivity } in package com.jieshun.jslife
:Sending Touch (ACTION_DOWN): 0:(370.0,269.0)
:Sending Touch (ACTION_UP): 0:(371.19162,286.42908)
Sleeping for 300 milliseconds
:Sending Touch (ACTION_DOWN): 0:(405.0,1475.0)
:Sending Touch (ACTION_UP): 0:(406.46756,1465.8723)
Sleeping for 300 milliseconds
:Sending Touch (ACTION_DOWN): 0:(538.0,658.0)
:Sending Touch (ACTION_UP): 0:(550.2006,640.23956)
Sleeping for 300 milliseconds
:Sending Touch (ACTION_DOWN): 0:(463.0,986.0)
:Sending Touch (ACTION_UP): 0:(462.18787,985.6359)
Sleeping for 300 milliseconds
:Sending Touch (ACTION_DOWN): 0:(165.0,1173.0)
:Sending Touch (ACTION_UP): 0:(171.93533,1183.1505)
Sleeping for 300 milliseconds
:Sending Touch (ACTION_DOWN): 0:(6.0,1761.0)
:Sending Touch (ACTION_UP): 0:(7.517877,1769.6112)
Sleeping for 300 milliseconds
:Sending Touch (ACTION_DOWN): 0:(1024.0,523.0)
:Sending Touch (ACTION_UP): 0:(1024.4116,523.7161)
Sleeping for 300 milliseconds
:Sending Touch (ACTION_DOWN): 0:(474.0,1524.0)
:Sending Touch (ACTION_UP): 0:(490.14526,1530.0269)
Sleeping for 300 milliseconds
:Sending Trackball (ACTION_MOVE): 0:(4.0,3.0)
:Sending Trackball (ACTION_MOVE): 0:(3.0,-1.0)
:Sending Trackball (ACTION_MOVE): 0:(0.0,-5.0)
:Sending Trackball (ACTION_MOVE): 0:(4.0,-5.0)
:Sending Trackball (ACTION_MOVE): 0:(-2.0,-5.0)
:Sending Trackball (ACTION_MOVE): 0:(-4.0,-3.0)
:Sending Trackball (ACTION_MOVE): 0:(-4.0,0.0)
:Sending Trackball (ACTION_MOVE): 0:(0.0,-5.0)
:Sending Trackball (ACTION_MOVE): 0:(-2.0,3.0)
:Sending Trackball (ACTION_MOVE): 0:(0.0,2.0)
:Sending Touch (ACTION_DOWN): 0:(665.0,82.0)
:Sending Touch (ACTION_UP): 0:(652.07404,86.164375)
Sleeping for 300 milliseconds
:Sending Touch (ACTION_DOWN): 0:(864.0,1012.0)
:Sending Touch (ACTION_UP): 0:(863.37604,1009.6147)
Sleeping for 300 milliseconds
:Switch: #Intent;action=android.intent.action.MAIN;category=android.intent.category.LAUNCHER;launchFlags=0x10200000;component=com.jieshun.jslife/.activity.common.WelcomeActivity;end
    // Allowing start of Intent { act=android.intent.action.MAIN cat=[android.intent.category.LAUNCHER] cmp=com.jieshun.jslife/.activity.common.WelcomeActivity } in package com.jieshun.jslife
Sleeping for 300 milliseconds
:Sending Touch (ACTION_DOWN): 0:(580.0,604.0)
:Sending Touch (ACTION_UP): 0:(582.18756,598.97864)
Sleeping for 300 milliseconds
:Switch: #Intent;action=android.intent.action.MAIN;category=android.intent.category.LAUNCHER;launchFlags=0x10200000;component=com.jieshun.jslife/.activity.common.WelcomeActivity;end
    // Allowing start of Intent { act=android.intent.action.MAIN cat=[android.intent.category.LAUNCHER] cmp=com.jieshun.jslife/.activity.common.WelcomeActivity } in package com.jieshun.jslife
Sleeping for 300 milliseconds
:Sending Touch (ACTION_DOWN): 0:(561.0,1265.0)
:Sending Touch (ACTION_UP): 0:(571.3497,1249.4138)
Sleeping for 300 milliseconds
:Sending Touch (ACTION_DOWN): 0:(1039.0,1869.0)
:Sending Touch (ACTION_UP): 0:(1035.6638,1867.7555)
Sleeping for 300 milliseconds
:Sending Touch (ACTION_DOWN): 0:(704.0,1354.0)
:Sending Touch (ACTION_UP): 0:(721.74744,1353.1727)
Sleeping for 300 milliseconds
:Sending Touch (ACTION_DOWN): 0:(222.0,1478.0)
:Sending Touch (ACTION_UP): 0:(222.32422,1483.9127)
Sleeping for 300 milliseconds
:Sending Touch (ACTION_DOWN): 0:(902.0,1625.0)
:Sending Touch (ACTION_UP): 0:(887.2382,1635.0913)
Sleeping for 300 milliseconds
:Sending Touch (ACTION_DOWN): 0:(362.0,395.0)
    //[calendar_time:2018-07-20 16:40:58.661  system_uptime:39305379]
    // Sending event #100
:Sending Touch (ACTION_UP): 0:(361.80756,374.65622)
Sleeping for 300 milliseconds
:Sending Touch (ACTION_DOWN): 0:(188.0,243.0)
:Sending Touch (ACTION_UP): 0:(186.6535,242.7472)
Sleeping for 300 milliseconds
:Sending Touch (ACTION_DOWN): 0:(928.0,609.0)
:Sending Touch (ACTION_UP): 0:(928.6068,610.7849)
Sleeping for 300 milliseconds
:Sending Touch (ACTION_DOWN): 0:(22.0,453.0)
:Sending Touch (ACTION_UP): 0:(21.754349,450.97495)
Sleeping for 300 milliseconds
:Switch: #Intent;action=android.intent.action.MAIN;category=android.intent.category.LAUNCHER;launchFlags=0x10200000;component=com.jieshun.jslife/.activity.common.WelcomeActivity;end
    // Allowing start of Intent { act=android.intent.action.MAIN cat=[android.intent.category.LAUNCHER] cmp=com.jieshun.jslife/.activity.common.WelcomeActivity } in package com.jieshun.jslife
Sleeping for 300 milliseconds
:Sending Touch (ACTION_DOWN): 0:(842.0,508.0)
:Sending Touch (ACTION_UP): 0:(824.2621,507.68393)
Sleeping for 300 milliseconds
:Sending Touch (ACTION_DOWN): 0:(636.0,778.0)
:Sending Touch (ACTION_UP): 0:(642.0949,763.5641)
Sleeping for 300 milliseconds
:Sending Touch (ACTION_DOWN): 0:(743.0,336.0)
:Sending Touch (ACTION_UP): 0:(729.9316,335.80865)
Sleeping for 300 milliseconds
:Switch: #Intent;action=android.intent.action.MAIN;category=android.intent.category.LAUNCHER;launchFlags=0x10200000;component=com.jieshun.jslife/.activity.common.WelcomeActivity;end
    // Allowing start of Intent { act=android.intent.action.MAIN cat=[android.intent.category.LAUNCHER] cmp=com.jieshun.jslife/.activity.common.WelcomeActivity } in package com.jieshun.jslife
Sleeping for 300 milliseconds
:Sending Touch (ACTION_DOWN): 0:(766.0,1573.0)
:Sending Touch (ACTION_UP): 0:(765.13965,1561.4934)
Sleeping for 300 milliseconds
:Sending Touch (ACTION_DOWN): 0:(492.0,1101.0)
:Sending Touch (ACTION_UP): 0:(497.1143,1101.0055)
Sleeping for 300 milliseconds
:Sending Touch (ACTION_DOWN): 0:(597.0,1644.0)
:Sending Touch (ACTION_UP): 0:(582.6835,1644.0095)
Sleeping for 300 milliseconds
:Sending Touch (ACTION_DOWN): 0:(484.0,1226.0)
:Sending Touch (ACTION_UP): 0:(484.0707,1219.7019)
Sleeping for 300 milliseconds
:Sending Touch (ACTION_DOWN): 0:(940.0,777.0)
:Sending Touch (ACTION_UP): 0:(924.651,774.2264)
Sleeping for 300 milliseconds
:Sending Touch (ACTION_DOWN): 0:(1007.0,1496.0)
:Sending Touch (ACTION_MOVE): 0:(995.99854,1504.649)
:Sending Touch (ACTION_MOVE): 0:(984.79584,1513.4751)
    // Injection Failed
:Sending Touch (ACTION_MOVE): 0:(979.41736,1515.5573)
    // Injection Failed
:Sending Touch (ACTION_MOVE): 0:(969.81494,1518.8584)
    // Injection Failed
:Sending Touch (ACTION_MOVE): 0:(964.5725,1519.59)
    // Injection Failed
:Sending Touch (ACTION_MOVE): 0:(963.25964,1531.8362)
    // Injection Failed
:Sending Touch (ACTION_UP): 0:(957.51184,1536.8619)
    // Injection Failed
Sleeping for 300 milliseconds
:Sending Trackball (ACTION_MOVE): 0:(-2.0,-3.0)
:Sending Trackball (ACTION_MOVE): 0:(1.0,0.0)
:Sending Trackball (ACTION_MOVE): 0:(1.0,-3.0)
:Sending Trackball (ACTION_MOVE): 0:(4.0,-1.0)
:Sending Trackball (ACTION_MOVE): 0:(0.0,2.0)
:Sending Trackball (ACTION_MOVE): 0:(-2.0,4.0)
:Sending Trackball (ACTION_MOVE): 0:(0.0,0.0)
:Sending Trackball (ACTION_MOVE): 0:(-5.0,4.0)
:Sending Trackball (ACTION_MOVE): 0:(3.0,2.0)
:Sending Trackball (ACTION_MOVE): 0:(-5.0,1.0)
:Sending Touch (ACTION_DOWN): 0:(269.0,537.0)
:Sending Touch (ACTION_UP): 0:(281.65613,533.63416)
Sleeping for 300 milliseconds
:Sending Touch (ACTION_DOWN): 0:(814.0,1703.0)
:Sending Touch (ACTION_UP): 0:(813.9434,1708.0569)
Sleeping for 300 milliseconds
:Sending Touch (ACTION_DOWN): 0:(782.0,401.0)
:Sending Touch (ACTION_UP): 0:(780.2339,399.24274)
Sleeping for 300 milliseconds
:Sending Touch (ACTION_DOWN): 0:(807.0,1706.0)
:Sending Touch (ACTION_UP): 0:(807.92456,1693.1261)
Sleeping for 300 milliseconds
:Sending Touch (ACTION_DOWN): 0:(669.0,452.0)
:Sending Touch (ACTION_UP): 0:(665.826,447.7105)
Sleeping for 300 milliseconds
:Sending Touch (ACTION_DOWN): 0:(1038.0,1201.0)
:Sending Touch (ACTION_UP): 0:(1034.0671,1202.9052)
Sleeping for 300 milliseconds
:Sending Touch (ACTION_DOWN): 0:(927.0,909.0)
:Sending Touch (ACTION_UP): 0:(941.6692,911.3249)
Sleeping for 300 milliseconds
:Sending Touch (ACTION_DOWN): 0:(397.0,660.0)
:Sending Touch (ACTION_UP): 0:(395.2506,650.8153)
Sleeping for 300 milliseconds
:Sending Touch (ACTION_DOWN): 0:(563.0,476.0)
:Sending Touch (ACTION_UP): 0:(553.73596,473.2222)
Sleeping for 300 milliseconds
:Sending Touch (ACTION_DOWN): 0:(833.0,1507.0)
:Sending Touch (ACTION_UP): 0:(833.9634,1500.8654)
Sleeping for 300 milliseconds
:Sending Touch (ACTION_DOWN): 0:(291.0,1307.0)
:Sending Touch (ACTION_UP): 0:(302.37964,1309.3398)
Sleeping for 300 milliseconds
:Sending Touch (ACTION_DOWN): 0:(912.0,1637.0)
:Sending Touch (ACTION_UP): 0:(900.7064,1632.732)
    // Injection Failed
Sleeping for 300 milliseconds
:Sending Touch (ACTION_DOWN): 0:(1069.0,496.0)
:Sending Touch (ACTION_UP): 0:(1059.5677,496.79855)
Sleeping for 300 milliseconds
:Sending Touch (ACTION_DOWN): 0:(735.0,1655.0)
:Sending Touch (ACTION_UP): 0:(733.2647,1655.2379)
Sleeping for 300 milliseconds
:Sending Touch (ACTION_DOWN): 0:(551.0,497.0)
:Sending Touch (ACTION_UP): 0:(559.3232,487.43658)
Sleeping for 300 milliseconds
:Sending Touch (ACTION_DOWN): 0:(694.0,1419.0)
:Sending Touch (ACTION_UP): 0:(691.79974,1429.0391)
Sleeping for 300 milliseconds
:Sending Trackball (ACTION_MOVE): 0:(4.0,-4.0)
:Sending Trackball (ACTION_MOVE): 0:(-5.0,-5.0)
:Sending Trackball (ACTION_MOVE): 0:(1.0,1.0)
:Sending Trackball (ACTION_MOVE): 0:(-4.0,-3.0)
:Sending Trackball (ACTION_MOVE): 0:(3.0,-1.0)
:Sending Trackball (ACTION_MOVE): 0:(-5.0,3.0)
:Sending Trackball (ACTION_MOVE): 0:(-5.0,3.0)
:Sending Trackball (ACTION_MOVE): 0:(-1.0,3.0)
:Sending Trackball (ACTION_MOVE): 0:(-3.0,2.0)
:Sending Trackball (ACTION_MOVE): 0:(4.0,2.0)
:Sending Touch (ACTION_DOWN): 0:(1038.0,477.0)
:Sending Touch (ACTION_UP): 0:(1040.2319,476.72858)
Sleeping for 300 milliseconds
:Switch: #Intent;action=android.intent.action.MAIN;category=android.intent.category.LAUNCHER;launchFlags=0x10200000;component=com.jieshun.jslife/.activity.common.WelcomeActivity;end
    // Allowing start of Intent { act=android.intent.action.MAIN cat=[android.intent.category.LAUNCHER] cmp=com.jieshun.jslife/.activity.common.WelcomeActivity } in package com.jieshun.jslife
Sleeping for 300 milliseconds
:Sending Touch (ACTION_DOWN): 0:(503.0,1713.0)
:Sending Touch (ACTION_UP): 0:(504.63855,1698.3062)
Sleeping for 300 milliseconds
:Sending Touch (ACTION_DOWN): 0:(32.0,823.0)
:Sending Touch (ACTION_UP): 0:(34.748745,820.4974)
Sleeping for 300 milliseconds
:Sending Touch (ACTION_DOWN): 0:(321.0,357.0)
:Sending Touch (ACTION_UP): 0:(327.8988,356.27298)
Sleeping for 300 milliseconds
:Sending Key (ACTION_DOWN): 4    // KEYCODE_BACK
:Sending Key (ACTION_UP): 4    // KEYCODE_BACK
Sleeping for 300 milliseconds
    // activityResuming(com.jieshun.jslife)
:Sending Touch (ACTION_DOWN): 0:(999.0,1851.0)
:Sending Touch (ACTION_UP): 0:(997.6499,1839.4196)
Sleeping for 300 milliseconds
:Sending Touch (ACTION_DOWN): 0:(722.0,455.0)
:Sending Touch (ACTION_UP): 0:(719.47705,464.48822)
    //[calendar_time:2018-07-20 16:41:10.805  system_uptime:39317522]
    // Sending event #200
Sleeping for 300 milliseconds
    // Allowing start of Intent { cmp=com.jieshun.jslife/.activity.userinfo.ConsumeOrderDetailActivity } in package com.jieshun.jslife
    //[calendar_time:2018-07-20 16:41:11.106  system_uptime:39317823]
    // Sending event #200
:Sending Touch (ACTION_DOWN): 0:(576.0,972.0)
:Sending Touch (ACTION_UP): 0:(566.73517,980.0035)
Sleeping for 300 milliseconds
:Sending Touch (ACTION_DOWN): 0:(609.0,7.0)
:Sending Touch (ACTION_UP): 0:(606.83417,0.0)
Sleeping for 300 milliseconds
:Sending Touch (ACTION_DOWN): 0:(79.0,1659.0)
:Sending Touch (ACTION_UP): 0:(86.07455,1656.2412)
Sleeping for 300 milliseconds
:Sending Touch (ACTION_DOWN): 0:(242.0,1475.0)
:Sending Touch (ACTION_UP): 0:(237.66122,1478.0858)
Sleeping for 300 milliseconds
:Sending Touch (ACTION_DOWN): 0:(267.0,1752.0)
:Sending Touch (ACTION_UP): 0:(263.5742,1734.765)
Sleeping for 300 milliseconds
:Sending Touch (ACTION_DOWN): 0:(15.0,1164.0)
:Sending Touch (ACTION_UP): 0:(3.5492325,1165.8674)
Sleeping for 300 milliseconds
:Sending Touch (ACTION_DOWN): 0:(732.0,842.0)
:Sending Touch (ACTION_UP): 0:(754.1922,843.9631)
Sleeping for 300 milliseconds
:Sending Touch (ACTION_DOWN): 0:(426.0,1047.0)
:Sending Touch (ACTION_UP): 0:(428.55826,1023.0902)
Sleeping for 300 milliseconds
:Switch: #Intent;action=android.intent.action.MAIN;category=android.intent.category.LAUNCHER;launchFlags=0x10200000;component=com.jieshun.jslife/.activity.common.WelcomeActivity;end
    // Allowing start of Intent { act=android.intent.action.MAIN cat=[android.intent.category.LAUNCHER] cmp=com.jieshun.jslife/.activity.common.WelcomeActivity } in package com.jieshun.jslife
Sleeping for 300 milliseconds
:Sending Touch (ACTION_DOWN): 0:(668.0,1655.0)
:Sending Touch (ACTION_UP): 0:(663.1541,1655.6287)
Sleeping for 300 milliseconds
:Sending Touch (ACTION_DOWN): 0:(16.0,531.0)
:Sending Touch (ACTION_UP): 0:(0.0,538.97406)
Sleeping for 300 milliseconds
:Sending Touch (ACTION_DOWN): 0:(836.0,313.0)
:Sending Touch (ACTION_UP): 0:(836.79895,312.90585)
Sleeping for 300 milliseconds
:Sending Touch (ACTION_DOWN): 0:(379.0,828.0)
:Sending Touch (ACTION_UP): 0:(377.4336,823.0773)
Sleeping for 300 milliseconds
:Sending Touch (ACTION_DOWN): 0:(685.0,1676.0)
:Sending Touch (ACTION_UP): 0:(665.50226,1652.5271)
Sleeping for 300 milliseconds
:Sending Touch (ACTION_DOWN): 0:(551.0,1400.0)
:Sending Touch (ACTION_UP): 0:(550.41473,1400.4882)
Sleeping for 300 milliseconds
:Sending Touch (ACTION_DOWN): 0:(1074.0,1734.0)
:Sending Touch (ACTION_UP): 0:(1063.3168,1735.7689)
Sleeping for 300 milliseconds
:Sending Touch (ACTION_DOWN): 0:(100.0,1092.0)
:Sending Touch (ACTION_UP): 0:(92.755295,1094.7231)
Sleeping for 300 milliseconds
:Sending Touch (ACTION_DOWN): 0:(508.0,1681.0)
:Sending Touch (ACTION_UP): 0:(497.92258,1669.1934)
Sleeping for 300 milliseconds
:Sending Trackball (ACTION_MOVE): 0:(-5.0,1.0)
:Sending Trackball (ACTION_MOVE): 0:(-3.0,0.0)
:Sending Trackball (ACTION_MOVE): 0:(4.0,3.0)
:Sending Trackball (ACTION_MOVE): 0:(-2.0,-3.0)
:Sending Trackball (ACTION_MOVE): 0:(-5.0,0.0)
:Sending Trackball (ACTION_MOVE): 0:(-2.0,4.0)
:Sending Trackball (ACTION_MOVE): 0:(-4.0,-2.0)
:Sending Trackball (ACTION_MOVE): 0:(1.0,2.0)
:Sending Trackball (ACTION_MOVE): 0:(3.0,-3.0)
:Sending Trackball (ACTION_MOVE): 0:(0.0,4.0)
:Sending Touch (ACTION_DOWN): 0:(974.0,439.0)
:Sending Touch (ACTION_UP): 0:(972.95953,435.93823)
Sleeping for 300 milliseconds
:Sending Touch (ACTION_DOWN): 0:(158.0,1067.0)
:Sending Touch (ACTION_UP): 0:(159.2926,1072.5544)
Sleeping for 300 milliseconds
:Sending Touch (ACTION_DOWN): 0:(1052.0,1600.0)
:Sending Touch (ACTION_UP): 0:(1062.9028,1581.8533)
Sleeping for 300 milliseconds
:Sending Touch (ACTION_DOWN): 0:(647.0,1454.0)
:Sending Touch (ACTION_UP): 0:(641.1822,1455.8206)
Sleeping for 300 milliseconds
:Sending Touch (ACTION_DOWN): 0:(815.0,123.0)
:Sending Touch (ACTION_MOVE): 0:(829.10223,117.32018)
:Sending Touch (ACTION_MOVE): 0:(832.8849,111.70985)
:Sending Touch (ACTION_MOVE): 0:(834.7151,109.310844)
:Sending Touch (ACTION_MOVE): 0:(840.8731,105.13748)
:Sending Touch (ACTION_MOVE): 0:(846.37286,101.298805)
:Sending Touch (ACTION_MOVE): 0:(854.8696,101.05571)
:Sending Touch (ACTION_MOVE): 0:(860.0499,99.5338)
:Sending Touch (ACTION_MOVE): 0:(863.93115,95.711426)
:Sending Touch (ACTION_UP): 0:(875.4015,92.847595)
Sleeping for 300 milliseconds
:Sending Touch (ACTION_DOWN): 0:(698.0,672.0)
:Sending Touch (ACTION_UP): 0:(702.8872,680.21277)
Sleeping for 300 milliseconds
:Sending Touch (ACTION_DOWN): 0:(567.0,1394.0)
:Sending Touch (ACTION_UP): 0:(566.45,1380.1224)
Sleeping for 300 milliseconds
:Sending Touch (ACTION_DOWN): 0:(574.0,440.0)
:Sending Touch (ACTION_UP): 0:(577.36017,444.92502)
Sleeping for 300 milliseconds
:Sending Touch (ACTION_DOWN): 0:(317.0,415.0)
:Sending Touch (ACTION_UP): 0:(321.7793,417.6237)
Sleeping for 300 milliseconds
:Sending Touch (ACTION_DOWN): 0:(103.0,323.0)
:Sending Touch (ACTION_MOVE): 0:(102.334724,328.41595)
:Sending Touch (ACTION_MOVE): 0:(97.7415,338.4201)
:Sending Touch (ACTION_MOVE): 0:(94.58387,349.96075)
:Sending Touch (ACTION_MOVE): 0:(93.204544,352.68198)
:Sending Touch (ACTION_MOVE): 0:(87.24089,360.18457)
:Sending Touch (ACTION_UP): 0:(84.697044,372.82645)
Sleeping for 300 milliseconds
:Sending Touch (ACTION_DOWN): 0:(799.0,504.0)
:Sending Touch (ACTION_UP): 0:(803.14667,488.81268)
Sleeping for 300 milliseconds
:Sending Touch (ACTION_DOWN): 0:(977.0,1711.0)
:Sending Touch (ACTION_UP): 0:(977.02966,1712.608)
Sleeping for 300 milliseconds
:Sending Touch (ACTION_DOWN): 0:(811.0,758.0)
:Sending Touch (ACTION_UP): 0:(827.56665,755.4233)
Sleeping for 300 milliseconds
:Sending Touch (ACTION_DOWN): 0:(30.0,287.0)
:Sending Touch (ACTION_UP): 0:(25.530891,285.31677)
Sleeping for 300 milliseconds
:Sending Touch (ACTION_DOWN): 0:(741.0,1853.0)
:Sending Touch (ACTION_UP): 0:(736.2765,1853.5841)
Sleeping for 300 milliseconds
:Sending Touch (ACTION_DOWN): 0:(645.0,553.0)
:Sending Touch (ACTION_MOVE): 0:(643.90515,556.9059)
:Sending Touch (ACTION_MOVE): 0:(643.6275,558.4965)
:Sending Touch (ACTION_MOVE): 0:(642.7009,564.634)
:Sending Touch (ACTION_MOVE): 0:(642.31274,577.71014)
:Sending Touch (ACTION_MOVE): 0:(641.686,593.5255)
:Sending Touch (ACTION_MOVE): 0:(640.58246,608.35846)
:Sending Touch (ACTION_UP): 0:(640.3418,615.8044)
Sleeping for 300 milliseconds
:Sending Touch (ACTION_DOWN): 0:(301.0,241.0)
:Sending Touch (ACTION_UP): 0:(293.01645,260.90817)
Sleeping for 300 milliseconds
:Sending Touch (ACTION_DOWN): 0:(177.0,807.0)
:Sending Touch (ACTION_UP): 0:(175.7441,824.35913)
    //[calendar_time:2018-07-20 16:41:22.299  system_uptime:39329016]
    // Sending event #300
Sleeping for 300 milliseconds
    //[calendar_time:2018-07-20 16:41:22.600  system_uptime:39329317]
    // Sending event #300
:Sending Touch (ACTION_DOWN): 0:(395.0,52.0)
:Sending Touch (ACTION_UP): 0:(400.09677,50.55953)
Sleeping for 300 milliseconds
:Sending Touch (ACTION_DOWN): 0:(472.0,195.0)
:Sending Touch (ACTION_UP): 0:(470.0389,200.64487)
Sleeping for 300 milliseconds
:Sending Touch (ACTION_DOWN): 0:(556.0,699.0)
:Sending Touch (ACTION_UP): 0:(559.63776,704.28577)
Sleeping for 300 milliseconds
:Sending Touch (ACTION_DOWN): 0:(845.0,948.0)
:Sending Touch (ACTION_UP): 0:(860.4417,946.7715)
Sleeping for 300 milliseconds
:Sending Touch (ACTION_DOWN): 0:(1052.0,1779.0)
:Sending Touch (ACTION_UP): 0:(1043.6213,1767.2937)
Sleeping for 300 milliseconds
:Sending Touch (ACTION_DOWN): 0:(806.0,1515.0)
:Sending Touch (ACTION_UP): 0:(808.6491,1529.2183)
Sleeping for 300 milliseconds
:Sending Touch (ACTION_DOWN): 0:(17.0,1901.0)
:Sending Touch (ACTION_UP): 0:(15.064467,1893.4353)
Sleeping for 300 milliseconds
:Sending Touch (ACTION_DOWN): 0:(116.0,836.0)
:Sending Touch (ACTION_UP): 0:(111.96802,838.5309)
Sleeping for 300 milliseconds
:Sending Touch (ACTION_DOWN): 0:(49.0,1631.0)
:Sending Touch (ACTION_UP): 0:(58.864143,1653.3293)
Sleeping for 300 milliseconds
:Sending Touch (ACTION_DOWN): 0:(89.0,931.0)
:Sending Touch (ACTION_UP): 0:(90.96442,926.9441)
Sleeping for 300 milliseconds
:Sending Touch (ACTION_DOWN): 0:(0.0,255.0)
:Sending Touch (ACTION_UP): 0:(5.747782,275.65045)
Sleeping for 300 milliseconds
:Sending Touch (ACTION_DOWN): 0:(61.0,1456.0)
:Sending Touch (ACTION_UP): 0:(65.175186,1453.6345)
Sleeping for 300 milliseconds
:Sending Touch (ACTION_DOWN): 0:(805.0,1428.0)
:Sending Touch (ACTION_UP): 0:(801.46814,1436.5518)
Sleeping for 300 milliseconds
:Sending Touch (ACTION_DOWN): 0:(1024.0,227.0)
:Sending Touch (ACTION_UP): 0:(1020.4546,238.05774)
Sleeping for 300 milliseconds
:Sending Touch (ACTION_DOWN): 0:(219.0,1120.0)
:Sending Touch (ACTION_UP): 0:(223.18082,1126.058)
Sleeping for 300 milliseconds
:Sending Touch (ACTION_DOWN): 0:(412.0,127.0)
:Sending Touch (ACTION_UP): 0:(416.25726,125.51523)
Sleeping for 300 milliseconds
:Sending Touch (ACTION_DOWN): 0:(942.0,1016.0)
:Sending Touch (ACTION_UP): 0:(941.68097,1039.0142)
Sleeping for 300 milliseconds
:Sending Touch (ACTION_DOWN): 0:(467.0,1907.0)
:Sending Touch (ACTION_UP): 0:(467.86365,1891.6882)
Sleeping for 300 milliseconds
:Sending Touch (ACTION_DOWN): 0:(130.0,230.0)
:Sending Touch (ACTION_UP): 0:(128.14864,229.90569)
Sleeping for 300 milliseconds
:Sending Touch (ACTION_DOWN): 0:(687.0,1036.0)
:Sending Touch (ACTION_MOVE): 0:(692.6267,1035.1301)
:Sending Touch (ACTION_MOVE): 0:(699.53076,1022.3244)
:Sending Touch (ACTION_MOVE): 0:(712.5887,1009.9545)
:Sending Touch (ACTION_UP): 0:(716.92316,995.7316)
Sleeping for 300 milliseconds
:Sending Key (ACTION_DOWN): 4    // KEYCODE_BACK
:Sending Key (ACTION_UP): 4    // KEYCODE_BACK
Sleeping for 300 milliseconds
    // activityResuming(com.jieshun.jslife)
:Sending Touch (ACTION_DOWN): 0:(48.0,1388.0)
:Sending Touch (ACTION_UP): 0:(51.840603,1385.1649)
Sleeping for 300 milliseconds
:Switch: #Intent;action=android.intent.action.MAIN;category=android.intent.category.LAUNCHER;launchFlags=0x10200000;component=com.jieshun.jslife/.activity.common.WelcomeActivity;end
    // Allowing start of Intent { act=android.intent.action.MAIN cat=[android.intent.category.LAUNCHER] cmp=com.jieshun.jslife/.activity.common.WelcomeActivity } in package com.jieshun.jslife
Sleeping for 300 milliseconds
:Sending Touch (ACTION_DOWN): 0:(231.0,1879.0)
:Sending Touch (ACTION_UP): 0:(251.04903,1880.3387)
Sleeping for 300 milliseconds
:Sending Touch (ACTION_DOWN): 0:(240.0,1194.0)
:Sending Touch (ACTION_UP): 0:(241.66016,1198.0671)
Sleeping for 300 milliseconds
:Sending Touch (ACTION_DOWN): 0:(720.0,185.0)
:Sending Touch (ACTION_UP): 0:(719.52374,199.8958)
Sleeping for 300 milliseconds
:Sending Touch (ACTION_DOWN): 0:(318.0,1504.0)
:Sending Touch (ACTION_UP): 0:(321.7802,1502.952)
Sleeping for 300 milliseconds
:Switch: #Intent;action=android.intent.action.MAIN;category=android.intent.category.LAUNCHER;launchFlags=0x10200000;component=com.jieshun.jslife/.activity.common.WelcomeActivity;end
    // Allowing start of Intent { act=android.intent.action.MAIN cat=[android.intent.category.LAUNCHER] cmp=com.jieshun.jslife/.activity.common.WelcomeActivity } in package com.jieshun.jslife
Sleeping for 300 milliseconds
:Sending Key (ACTION_DOWN): 24    // KEYCODE_VOLUME_UP
:Sending Key (ACTION_UP): 24    // KEYCODE_VOLUME_UP
Sleeping for 300 milliseconds
:Sending Touch (ACTION_DOWN): 0:(625.0,1729.0)
:Sending Touch (ACTION_UP): 0:(633.1237,1729.1915)
Sleeping for 300 milliseconds
:Sending Touch (ACTION_DOWN): 0:(462.0,538.0)
:Sending Touch (ACTION_UP): 0:(468.18512,541.19446)
Sleeping for 300 milliseconds
    // Allowing start of Intent { cmp=com.jieshun.jslife/.activity.userinfo.ConsumeOrderDetailActivity } in package com.jieshun.jslife
:Switch: #Intent;action=android.intent.action.MAIN;category=android.intent.category.LAUNCHER;launchFlags=0x10200000;component=com.jieshun.jslife/.activity.common.WelcomeActivity;end
    // Allowing start of Intent { act=android.intent.action.MAIN cat=[android.intent.category.LAUNCHER] cmp=com.jieshun.jslife/.activity.common.WelcomeActivity } in package com.jieshun.jslife
Sleeping for 300 milliseconds
:Sending Touch (ACTION_DOWN): 0:(537.0,1600.0)
:Sending Touch (ACTION_MOVE): 0:(540.8885,1601.6022)
:Sending Touch (ACTION_MOVE): 0:(541.281,1617.0875)
:Sending Touch (ACTION_UP): 0:(546.8049,1641.248)
Sleeping for 300 milliseconds
:Sending Key (ACTION_DOWN): 25    // KEYCODE_VOLUME_DOWN
:Sending Key (ACTION_UP): 25    // KEYCODE_VOLUME_DOWN
Sleeping for 300 milliseconds
:Sending Trackball (ACTION_MOVE): 0:(1.0,1.0)
:Sending Trackball (ACTION_MOVE): 0:(0.0,-3.0)
:Sending Trackball (ACTION_MOVE): 0:(-2.0,-4.0)
:Sending Trackball (ACTION_MOVE): 0:(-5.0,-3.0)
:Sending Trackball (ACTION_MOVE): 0:(-3.0,-2.0)
:Sending Trackball (ACTION_MOVE): 0:(-1.0,-2.0)
:Sending Trackball (ACTION_MOVE): 0:(-2.0,0.0)
:Sending Trackball (ACTION_MOVE): 0:(-2.0,-1.0)
:Sending Trackball (ACTION_MOVE): 0:(-2.0,1.0)
:Sending Trackball (ACTION_MOVE): 0:(1.0,3.0)
:Sending Touch (ACTION_DOWN): 0:(482.0,577.0)
:Sending Touch (ACTION_UP): 0:(492.4459,587.69464)
Sleeping for 300 milliseconds
:Sending Touch (ACTION_DOWN): 0:(994.0,446.0)
:Sending Touch (ACTION_UP): 0:(1017.81824,430.4024)
Sleeping for 300 milliseconds
:Sending Touch (ACTION_DOWN): 0:(420.0,1504.0)
:Sending Touch (ACTION_UP): 0:(422.52414,1503.3931)
Sleeping for 300 milliseconds
:Sending Touch (ACTION_DOWN): 0:(917.0,1086.0)
:Sending Touch (ACTION_UP): 0:(911.0628,1087.6599)
Sleeping for 300 milliseconds
:Switch: #Intent;action=android.intent.action.MAIN;category=android.intent.category.LAUNCHER;launchFlags=0x10200000;component=com.jieshun.jslife/.activity.common.WelcomeActivity;end
    // Allowing start of Intent { act=android.intent.action.MAIN cat=[android.intent.category.LAUNCHER] cmp=com.jieshun.jslife/.activity.common.WelcomeActivity } in package com.jieshun.jslife
Sleeping for 300 milliseconds
:Switch: #Intent;action=android.intent.action.MAIN;category=android.intent.category.LAUNCHER;launchFlags=0x10200000;component=com.jieshun.jslife/.activity.common.WelcomeActivity;end
    // Allowing start of Intent { act=android.intent.action.MAIN cat=[android.intent.category.LAUNCHER] cmp=com.jieshun.jslife/.activity.common.WelcomeActivity } in package com.jieshun.jslife
Sleeping for 300 milliseconds
:Sending Touch (ACTION_DOWN): 0:(983.0,1757.0)
:Sending Touch (ACTION_MOVE): 0:(982.9916,1757.3303)
:Sending Touch (ACTION_MOVE): 0:(982.98474,1757.4374)
:Sending Touch (ACTION_MOVE): 0:(982.2673,1757.8668)
:Sending Touch (ACTION_MOVE): 0:(981.3532,1757.9419)
:Sending Touch (ACTION_MOVE): 0:(980.6247,1758.3179)
:Sending Touch (ACTION_MOVE): 0:(980.5084,1758.528)
:Sending Touch (ACTION_MOVE): 0:(979.6843,1758.5747)
:Sending Touch (ACTION_MOVE): 0:(979.0637,1759.0295)
:Sending Touch (ACTION_MOVE): 0:(978.3671,1759.3419)
    //[calendar_time:2018-07-20 16:41:35.646  system_uptime:39342363]
    // Sending event #400
:Sending Touch (ACTION_UP): 0:(978.2719,1759.7354)
Sleeping for 300 milliseconds
:Sending Touch (ACTION_DOWN): 0:(544.0,1663.0)
:Sending Touch (ACTION_UP): 0:(544.49243,1657.7747)
Sleeping for 300 milliseconds
:Sending Touch (ACTION_DOWN): 0:(616.0,422.0)
:Sending Touch (ACTION_UP): 0:(618.96356,409.07468)
Sleeping for 300 milliseconds
:Sending Touch (ACTION_DOWN): 0:(293.0,407.0)
:Sending Touch (ACTION_UP): 0:(297.1857,412.79517)
Sleeping for 300 milliseconds
:Sending Touch (ACTION_DOWN): 0:(107.0,1752.0)
:Sending Touch (ACTION_UP): 0:(103.850624,1760.336)
Sleeping for 300 milliseconds
:Sending Touch (ACTION_DOWN): 0:(117.0,241.0)
:Sending Touch (ACTION_UP): 0:(118.65256,233.1638)
Sleeping for 300 milliseconds
:Sending Touch (ACTION_DOWN): 0:(322.0,1238.0)
:Sending Touch (ACTION_UP): 0:(344.02634,1229.1575)
Sleeping for 300 milliseconds
:Sending Touch (ACTION_DOWN): 0:(945.0,1704.0)
:Sending Touch (ACTION_UP): 0:(946.26526,1705.143)
    // Injection Failed
Sleeping for 300 milliseconds
:Sending Touch (ACTION_DOWN): 0:(522.0,1124.0)
:Sending Touch (ACTION_UP): 0:(523.24316,1133.4868)
Sleeping for 300 milliseconds
:Sending Touch (ACTION_DOWN): 0:(430.0,617.0)
:Sending Touch (ACTION_UP): 0:(423.49606,616.80396)
Sleeping for 300 milliseconds
:Sending Touch (ACTION_DOWN): 0:(565.0,861.0)
:Sending Touch (ACTION_UP): 0:(561.4075,845.59094)
Sleeping for 300 milliseconds
:Sending Touch (ACTION_DOWN): 0:(704.0,169.0)
:Sending Touch (ACTION_UP): 0:(707.0755,177.98454)
Sleeping for 300 milliseconds
:Sending Touch (ACTION_DOWN): 0:(868.0,1764.0)
:Sending Touch (ACTION_UP): 0:(849.8804,1756.7542)
Sleeping for 300 milliseconds
:Sending Touch (ACTION_DOWN): 0:(132.0,902.0)
:Sending Touch (ACTION_UP): 0:(138.00006,902.9226)
Sleeping for 300 milliseconds
:Sending Touch (ACTION_DOWN): 0:(919.0,1345.0)
:Sending Touch (ACTION_UP): 0:(920.3187,1349.9755)
Sleeping for 300 milliseconds
:Sending Touch (ACTION_DOWN): 0:(882.0,201.0)
:Sending Touch (ACTION_UP): 0:(875.2049,205.28645)
Sleeping for 300 milliseconds
:Sending Touch (ACTION_DOWN): 0:(712.0,1174.0)
:Sending Touch (ACTION_UP): 0:(714.5413,1185.0817)
Sleeping for 300 milliseconds
:Sending Touch (ACTION_DOWN): 0:(905.0,1225.0)
:Sending Touch (ACTION_MOVE): 0:(906.851,1221.0411)
:Sending Touch (ACTION_MOVE): 0:(914.1257,1213.6152)
:Sending Touch (ACTION_MOVE): 0:(920.39246,1205.6775)
:Sending Touch (ACTION_MOVE): 0:(922.0746,1193.0408)
:Sending Touch (ACTION_MOVE): 0:(923.2877,1181.8538)
:Sending Touch (ACTION_MOVE): 0:(933.30457,1168.1586)
:Sending Touch (ACTION_MOVE): 0:(942.4879,1157.1742)
:Sending Touch (ACTION_MOVE): 0:(946.32666,1142.2426)
:Sending Touch (ACTION_MOVE): 0:(955.7962,1129.6151)
:Sending Touch (ACTION_UP): 0:(959.4302,1125.1354)
Sleeping for 300 milliseconds
:Sending Touch (ACTION_DOWN): 0:(1033.0,327.0)
:Sending Touch (ACTION_UP): 0:(1038.7113,317.1683)
Sleeping for 300 milliseconds
:Sending Touch (ACTION_DOWN): 0:(760.0,409.0)
:Sending Touch (ACTION_UP): 0:(768.48566,402.81528)
Sleeping for 300 milliseconds
:Sending Touch (ACTION_DOWN): 0:(444.0,1585.0)
:Sending Touch (ACTION_MOVE): 0:(447.27972,1585.3416)
:Sending Touch (ACTION_MOVE): 0:(459.77255,1586.2325)
:Sending Touch (ACTION_MOVE): 0:(474.43958,1587.1306)
:Sending Touch (ACTION_MOVE): 0:(486.11658,1587.22)
:Sending Touch (ACTION_MOVE): 0:(497.24146,1587.494)
:Sending Touch (ACTION_UP): 0:(503.69574,1587.578)
Sleeping for 300 milliseconds
:Sending Touch (ACTION_DOWN): 0:(960.0,305.0)
:Sending Touch (ACTION_UP): 0:(969.61755,312.87772)
Sleeping for 300 milliseconds
:Sending Touch (ACTION_DOWN): 0:(119.0,273.0)
:Sending Touch (ACTION_UP): 0:(126.40921,269.65225)
Sleeping for 300 milliseconds
:Sending Touch (ACTION_DOWN): 0:(1026.0,650.0)
:Sending Touch (ACTION_UP): 0:(1022.67694,668.61926)
Sleeping for 300 milliseconds
:Sending Touch (ACTION_DOWN): 0:(414.0,1558.0)
:Sending Touch (ACTION_UP): 0:(420.76776,1563.0215)
Sleeping for 300 milliseconds
:Sending Touch (ACTION_DOWN): 0:(809.0,1893.0)
:Sending Touch (ACTION_UP): 0:(805.93915,1908.6575)
Sleeping for 300 milliseconds
:Sending Touch (ACTION_DOWN): 0:(362.0,740.0)
:Sending Touch (ACTION_UP): 0:(366.69638,746.4851)
Sleeping for 300 milliseconds
:Sending Touch (ACTION_DOWN): 0:(138.0,112.0)
:Sending Touch (ACTION_UP): 0:(134.50017,125.5146)
Sleeping for 300 milliseconds
    // activityResuming(com.jieshun.jslife)
:Sending Touch (ACTION_DOWN): 0:(914.0,27.0)
:Sending Touch (ACTION_UP): 0:(914.17737,28.271988)
Sleeping for 300 milliseconds
:Sending Touch (ACTION_DOWN): 0:(90.0,1194.0)
:Sending Touch (ACTION_UP): 0:(90.4673,1186.86)
Sleeping for 300 milliseconds
:Sending Touch (ACTION_DOWN): 0:(432.0,1126.0)
:Sending Touch (ACTION_UP): 0:(429.66153,1133.8048)
Sleeping for 300 milliseconds
:Sending Touch (ACTION_DOWN): 0:(123.0,932.0)
:Sending Touch (ACTION_UP): 0:(121.76803,936.8153)
Sleeping for 300 milliseconds
:Sending Touch (ACTION_DOWN): 0:(754.0,593.0)
:Sending Touch (ACTION_UP): 0:(742.0129,586.48834)
Sleeping for 300 milliseconds
    // Allowing start of Intent { cmp=com.jieshun.jslife/.activity.userinfo.ConsumeOrderDetailActivity } in package com.jieshun.jslife
:Sending Touch (ACTION_DOWN): 0:(447.0,1637.0)
:Sending Touch (ACTION_UP): 0:(467.20624,1636.9702)
Sleeping for 300 milliseconds
:Sending Touch (ACTION_DOWN): 0:(644.0,77.0)
:Sending Touch (ACTION_UP): 0:(646.6229,82.313934)
Sleeping for 300 milliseconds
:Sending Touch (ACTION_DOWN): 0:(627.0,1889.0)
:Sending Touch (ACTION_MOVE): 0:(616.2316,1881.7289)
:Sending Touch (ACTION_MOVE): 0:(602.7785,1870.5087)
:Sending Touch (ACTION_MOVE): 0:(597.57245,1863.4336)
:Sending Touch (ACTION_MOVE): 0:(588.674,1859.4414)
:Sending Touch (ACTION_MOVE): 0:(575.8579,1855.4763)
:Sending Touch (ACTION_UP): 0:(565.7029,1843.7183)
Sleeping for 300 milliseconds
:Sending Touch (ACTION_DOWN): 0:(813.0,533.0)
:Sending Touch (ACTION_UP): 0:(826.92596,525.5714)
Sleeping for 300 milliseconds
:Sending Touch (ACTION_DOWN): 0:(685.0,1383.0)
:Sending Touch (ACTION_UP): 0:(669.9672,1374.4386)
Sleeping for 300 milliseconds
:Sending Touch (ACTION_DOWN): 0:(1066.0,1608.0)
:Sending Touch (ACTION_UP): 0:(1075.1556,1616.385)
Sleeping for 300 milliseconds
:Switch: #Intent;action=android.intent.action.MAIN;category=android.intent.category.LAUNCHER;launchFlags=0x10200000;component=com.jieshun.jslife/.activity.common.WelcomeActivity;end
    // Allowing start of Intent { act=android.intent.action.MAIN cat=[android.intent.category.LAUNCHER] cmp=com.jieshun.jslife/.activity.common.WelcomeActivity } in package com.jieshun.jslife
Sleeping for 300 milliseconds
:Sending Touch (ACTION_DOWN): 0:(55.0,1422.0)
:Sending Touch (ACTION_UP): 0:(58.778255,1416.9545)
Sleeping for 300 milliseconds
:Sending Touch (ACTION_DOWN): 0:(837.0,260.0)
Events injected: 500
:Sending rotation degree=0, persist=false
:Dropped: keys=0 pointers=8 trackballs=0 flips=0 rotations=0
## Network stats: elapsed time=61491ms (0ms mobile, 0ms wifi, 61491ms not connected)
// Monkey finished
