  bash arg: -p
  bash arg: com.jieshun.jslife
  bash arg: -s
  bash arg: 997
  bash arg: --throttle
  bash arg: 300
  bash arg: --ignore-crashes
  bash arg: --ignore-timeouts
  bash arg: --pct-touch
  bash arg: 80
  bash arg: --pct-trackball
  bash arg: 5
  bash arg: --pct-appswitch
  bash arg: 5
  bash arg: --pct-syskeys
  bash arg: 5
  bash arg: --pct-motion
  bash arg: 5
  bash arg: -v
  bash arg: -v
  bash arg: 500
:Monkey: seed=997 count=500
:AllowPackage: com.jieshun.jslife
:IncludeCategory: android.intent.category.LAUNCHER
:IncludeCategory: android.intent.category.MONKEY
// Selecting main activities from category android.intent.category.LAUNCHER
//   + Using main activity com.jieshun.jslife.activity.common.WelcomeActivity (from package com.jieshun.jslife)
// Selecting main activities from category android.intent.category.MONKEY
// Seeded: 997
// Event percentages:
//   0: 80.0%
//   1: 5.0%
//   2: 0.0%
//   3: 5.0%
//   4: -0.0%
//   5: -0.0%
//   6: 0.0%
//   7: 0.0%
//   8: 5.0%
//   9: 5.0%
//   10: 0.0%
//   11: 0.0%
:Switch: #Intent;action=android.intent.action.MAIN;category=android.intent.category.LAUNCHER;launchFlags=0x10200000;component=com.jieshun.jslife/.activity.common.WelcomeActivity;end
    // Allowing start of Intent { act=android.intent.action.MAIN cat=[android.intent.category.LAUNCHER] cmp=com.jieshun.jslife/.activity.common.WelcomeActivity } in package com.jieshun.jslife
Sleeping for 300 milliseconds
:Sending Touch (ACTION_DOWN): 0:(100.0,518.0)
:Sending Touch (ACTION_UP): 0:(90.84175,521.3954)
Sleeping for 300 milliseconds
:Sending Touch (ACTION_DOWN): 0:(50.0,1136.0)
:Sending Touch (ACTION_UP): 0:(43.96991,1148.516)
Sleeping for 300 milliseconds
:Sending Touch (ACTION_DOWN): 0:(721.0,867.0)
:Sending Touch (ACTION_UP): 0:(727.4142,863.22174)
Sleeping for 300 milliseconds
:Sending Touch (ACTION_DOWN): 0:(818.0,235.0)
:Sending Touch (ACTION_UP): 0:(825.1607,243.38866)
Sleeping for 300 milliseconds
:Sending Touch (ACTION_DOWN): 0:(847.0,51.0)
:Sending Touch (ACTION_UP): 0:(843.23065,45.413242)
Sleeping for 300 milliseconds
:Sending Key (ACTION_DOWN): 25    // KEYCODE_VOLUME_DOWN
:Sending Key (ACTION_UP): 25    // KEYCODE_VOLUME_DOWN
Sleeping for 300 milliseconds
:Sending Touch (ACTION_DOWN): 0:(1040.0,1276.0)
:Sending Touch (ACTION_UP): 0:(1034.3964,1260.2649)
Sleeping for 300 milliseconds
:Sending Touch (ACTION_DOWN): 0:(165.0,187.0)
:Sending Touch (ACTION_UP): 0:(162.21686,206.52936)
Sleeping for 300 milliseconds
:Sending Touch (ACTION_DOWN): 0:(959.0,386.0)
:Sending Touch (ACTION_UP): 0:(952.98224,401.4704)
Sleeping for 300 milliseconds
:Sending Touch (ACTION_DOWN): 0:(355.0,640.0)
:Sending Touch (ACTION_UP): 0:(354.09747,648.6532)
Sleeping for 300 milliseconds
:Sending Touch (ACTION_DOWN): 0:(846.0,1753.0)
:Sending Touch (ACTION_UP): 0:(859.5622,1760.8718)
Sleeping for 300 milliseconds
:Sending Touch (ACTION_DOWN): 0:(958.0,313.0)
:Sending Touch (ACTION_UP): 0:(966.28705,313.69617)
Sleeping for 300 milliseconds
:Sending Touch (ACTION_DOWN): 0:(1048.0,1270.0)
:Sending Touch (ACTION_UP): 0:(1047.5491,1271.1409)
Sleeping for 300 milliseconds
:Sending Touch (ACTION_DOWN): 0:(828.0,677.0)
:Sending Touch (ACTION_UP): 0:(820.4639,680.0708)
Sleeping for 300 milliseconds
:Sending Touch (ACTION_DOWN): 0:(940.0,678.0)
:Sending Touch (ACTION_UP): 0:(939.4749,681.73926)
Sleeping for 300 milliseconds
:Sending Touch (ACTION_DOWN): 0:(762.0,1261.0)
:Sending Touch (ACTION_UP): 0:(754.8854,1268.5211)
Sleeping for 300 milliseconds
:Sending Touch (ACTION_DOWN): 0:(917.0,56.0)
:Sending Touch (ACTION_UP): 0:(922.77747,68.83061)
Sleeping for 300 milliseconds
:Sending Touch (ACTION_DOWN): 0:(100.0,704.0)
:Sending Touch (ACTION_UP): 0:(107.03534,720.241)
Sleeping for 300 milliseconds
:Sending Touch (ACTION_DOWN): 0:(913.0,132.0)
:Sending Touch (ACTION_MOVE): 0:(915.5608,126.78304)
:Sending Touch (ACTION_MOVE): 0:(919.3266,118.503174)
:Sending Touch (ACTION_MOVE): 0:(930.44714,113.28614)
:Sending Touch (ACTION_MOVE): 0:(936.7857,110.932755)
:Sending Touch (ACTION_MOVE): 0:(947.1572,105.01726)
:Sending Touch (ACTION_UP): 0:(955.1627,97.715675)
Sleeping for 300 milliseconds
:Sending Touch (ACTION_DOWN): 0:(1048.0,1504.0)
:Sending Touch (ACTION_UP): 0:(1047.9086,1504.0802)
Sleeping for 300 milliseconds
:Sending Touch (ACTION_DOWN): 0:(483.0,811.0)
:Sending Touch (ACTION_UP): 0:(483.26834,809.5474)
Sleeping for 300 milliseconds
:Sending Touch (ACTION_DOWN): 0:(642.0,1057.0)
:Sending Touch (ACTION_UP): 0:(642.2274,1057.1216)
Sleeping for 300 milliseconds
:Sending Touch (ACTION_DOWN): 0:(704.0,1153.0)
:Sending Touch (ACTION_UP): 0:(701.4401,1152.13)
Sleeping for 300 milliseconds
:Sending Trackball (ACTION_MOVE): 0:(1.0,3.0)
:Sending Trackball (ACTION_MOVE): 0:(-3.0,-5.0)
:Sending Trackball (ACTION_MOVE): 0:(-2.0,4.0)
:Sending Trackball (ACTION_MOVE): 0:(-2.0,2.0)
:Sending Trackball (ACTION_MOVE): 0:(2.0,-3.0)
:Sending Trackball (ACTION_MOVE): 0:(-4.0,4.0)
:Sending Trackball (ACTION_MOVE): 0:(2.0,-3.0)
:Sending Trackball (ACTION_MOVE): 0:(3.0,-2.0)
:Sending Trackball (ACTION_MOVE): 0:(-2.0,-2.0)
:Sending Trackball (ACTION_MOVE): 0:(-1.0,4.0)
:Switch: #Intent;action=android.intent.action.MAIN;category=android.intent.category.LAUNCHER;launchFlags=0x10200000;component=com.jieshun.jslife/.activity.common.WelcomeActivity;end
    // Allowing start of Intent { act=android.intent.action.MAIN cat=[android.intent.category.LAUNCHER] cmp=com.jieshun.jslife/.activity.common.WelcomeActivity } in package com.jieshun.jslife
Sleeping for 300 milliseconds
:Sending Touch (ACTION_DOWN): 0:(889.0,1823.0)
:Sending Touch (ACTION_UP): 0:(882.2027,1820.7249)
Sleeping for 300 milliseconds
:Sending Touch (ACTION_DOWN): 0:(273.0,1802.0)
:Sending Touch (ACTION_MOVE): 0:(274.3689,1797.4088)
:Sending Touch (ACTION_MOVE): 0:(287.82516,1794.2922)
:Sending Touch (ACTION_MOVE): 0:(299.75797,1782.4606)
:Sending Touch (ACTION_MOVE): 0:(305.84583,1779.4227)
:Sending Touch (ACTION_UP): 0:(310.38226,1769.0177)
Sleeping for 300 milliseconds
:Sending Touch (ACTION_DOWN): 0:(481.0,401.0)
:Sending Touch (ACTION_UP): 0:(468.7554,405.12985)
Sleeping for 300 milliseconds
:Sending Touch (ACTION_DOWN): 0:(469.0,1754.0)
:Sending Touch (ACTION_UP): 0:(483.15247,1751.3701)
Sleeping for 300 milliseconds
:Sending Touch (ACTION_DOWN): 0:(686.0,922.0)
:Sending Touch (ACTION_UP): 0:(688.40717,926.82324)
Sleeping for 300 milliseconds
:Sending Touch (ACTION_DOWN): 0:(941.0,159.0)
:Sending Touch (ACTION_UP): 0:(940.71643,165.08122)
Sleeping for 300 milliseconds
:Sending Touch (ACTION_DOWN): 0:(75.0,167.0)
:Sending Touch (ACTION_UP): 0:(73.99952,157.43098)
Sleeping for 300 milliseconds
:Sending Touch (ACTION_DOWN): 0:(1015.0,299.0)
:Sending Touch (ACTION_UP): 0:(1020.4352,315.71622)
Sleeping for 300 milliseconds
:Sending Touch (ACTION_DOWN): 0:(249.0,1811.0)
:Sending Touch (ACTION_UP): 0:(244.17287,1813.6439)
Sleeping for 300 milliseconds
:Sending Touch (ACTION_DOWN): 0:(955.0,1212.0)
:Sending Touch (ACTION_UP): 0:(951.5338,1213.6384)
Sleeping for 300 milliseconds
:Sending Touch (ACTION_DOWN): 0:(463.0,1190.0)
:Sending Touch (ACTION_UP): 0:(467.74652,1187.2083)
Sleeping for 300 milliseconds
:Sending Touch (ACTION_DOWN): 0:(186.0,1475.0)
:Sending Touch (ACTION_UP): 0:(191.13011,1470.0331)
Sleeping for 300 milliseconds
:Sending Touch (ACTION_DOWN): 0:(412.0,665.0)
:Sending Touch (ACTION_UP): 0:(410.05786,665.0426)
Sleeping for 300 milliseconds
:Sending Touch (ACTION_DOWN): 0:(248.0,1171.0)
:Sending Touch (ACTION_UP): 0:(248.45854,1175.4331)
Sleeping for 300 milliseconds
:Sending Touch (ACTION_DOWN): 0:(731.0,57.0)
:Sending Touch (ACTION_UP): 0:(753.70593,60.82204)
Sleeping for 300 milliseconds
:Sending Key (ACTION_DOWN): 4    // KEYCODE_BACK
:Sending Key (ACTION_UP): 4    // KEYCODE_BACK
Sleeping for 300 milliseconds
:Sending Key (ACTION_DOWN): 24    // KEYCODE_VOLUME_UP
    //[calendar_time:2018-07-20 16:56:39.382  system_uptime:40246100]
    // Sending event #100
:Sending Key (ACTION_UP): 24    // KEYCODE_VOLUME_UP
Sleeping for 300 milliseconds
:Sending Trackball (ACTION_MOVE): 0:(-3.0,1.0)
:Sending Trackball (ACTION_MOVE): 0:(-2.0,-1.0)
:Sending Trackball (ACTION_MOVE): 0:(-1.0,-5.0)
:Sending Trackball (ACTION_MOVE): 0:(-3.0,-3.0)
:Sending Trackball (ACTION_MOVE): 0:(1.0,4.0)
:Sending Trackball (ACTION_MOVE): 0:(-3.0,-3.0)
:Sending Trackball (ACTION_MOVE): 0:(0.0,0.0)
:Sending Trackball (ACTION_MOVE): 0:(-3.0,-5.0)
:Sending Trackball (ACTION_MOVE): 0:(0.0,3.0)
:Sending Trackball (ACTION_MOVE): 0:(-5.0,-4.0)
:Sending Touch (ACTION_DOWN): 0:(610.0,405.0)
:Sending Touch (ACTION_UP): 0:(610.33203,405.4244)
Sleeping for 300 milliseconds
:Sending Touch (ACTION_DOWN): 0:(463.0,601.0)
:Sending Touch (ACTION_UP): 0:(462.95825,601.09406)
Sleeping for 300 milliseconds
:Sending Touch (ACTION_DOWN): 0:(329.0,1903.0)
:Sending Touch (ACTION_UP): 0:(338.07382,1920.0)
Sleeping for 300 milliseconds
:Sending Touch (ACTION_DOWN): 0:(787.0,844.0)
:Sending Touch (ACTION_UP): 0:(788.22833,833.8658)
Sleeping for 300 milliseconds
:Sending Touch (ACTION_DOWN): 0:(557.0,1768.0)
:Sending Touch (ACTION_UP): 0:(556.3177,1758.7164)
Sleeping for 300 milliseconds
:Sending Touch (ACTION_DOWN): 0:(957.0,160.0)
:Sending Touch (ACTION_UP): 0:(952.15485,176.04707)
Sleeping for 300 milliseconds
:Sending Touch (ACTION_DOWN): 0:(261.0,1383.0)
:Sending Touch (ACTION_UP): 0:(260.42078,1369.9086)
Sleeping for 300 milliseconds
:Sending Touch (ACTION_DOWN): 0:(977.0,1676.0)
:Sending Touch (ACTION_UP): 0:(975.59625,1674.833)
Sleeping for 300 milliseconds
:Sending Touch (ACTION_DOWN): 0:(55.0,1873.0)
:Sending Touch (ACTION_UP): 0:(55.084118,1866.5667)
Sleeping for 300 milliseconds
:Sending Touch (ACTION_DOWN): 0:(100.0,778.0)
:Sending Touch (ACTION_UP): 0:(111.26584,776.3598)
Sleeping for 300 milliseconds
:Sending Touch (ACTION_DOWN): 0:(448.0,1606.0)
:Sending Touch (ACTION_UP): 0:(448.4745,1605.6484)
Sleeping for 300 milliseconds
:Sending Touch (ACTION_DOWN): 0:(105.0,530.0)
:Sending Touch (ACTION_UP): 0:(115.08804,530.3205)
Sleeping for 300 milliseconds
:Sending Touch (ACTION_DOWN): 0:(737.0,766.0)
:Sending Touch (ACTION_UP): 0:(728.3153,762.2929)
Sleeping for 300 milliseconds
:Sending Touch (ACTION_DOWN): 0:(553.0,493.0)
:Sending Touch (ACTION_UP): 0:(552.58636,485.396)
Sleeping for 300 milliseconds
:Sending Touch (ACTION_DOWN): 0:(2.0,1483.0)
:Sending Touch (ACTION_UP): 0:(0.0,1482.9629)
Sleeping for 300 milliseconds
:Sending Touch (ACTION_DOWN): 0:(713.0,1389.0)
:Sending Touch (ACTION_UP): 0:(719.7528,1381.721)
Sleeping for 300 milliseconds
:Sending Touch (ACTION_DOWN): 0:(252.0,1279.0)
:Sending Touch (ACTION_UP): 0:(251.88524,1278.37)
Sleeping for 300 milliseconds
:Sending Touch (ACTION_DOWN): 0:(131.0,226.0)
:Sending Touch (ACTION_UP): 0:(145.87485,228.22322)
Sleeping for 300 milliseconds
:Sending Touch (ACTION_DOWN): 0:(534.0,1658.0)
:Sending Touch (ACTION_UP): 0:(519.559,1644.5082)
Sleeping for 300 milliseconds
:Sending Touch (ACTION_DOWN): 0:(523.0,1364.0)
:Sending Touch (ACTION_UP): 0:(532.4079,1369.1014)
Sleeping for 300 milliseconds
:Sending Touch (ACTION_DOWN): 0:(196.0,1874.0)
:Sending Touch (ACTION_UP): 0:(194.23247,1876.7256)
Sleeping for 300 milliseconds
:Sending Touch (ACTION_DOWN): 0:(882.0,833.0)
:Sending Touch (ACTION_UP): 0:(866.7682,827.5271)
Sleeping for 300 milliseconds
:Sending Touch (ACTION_DOWN): 0:(958.0,1137.0)
:Sending Touch (ACTION_UP): 0:(957.0696,1143.6508)
Sleeping for 300 milliseconds
:Sending Touch (ACTION_DOWN): 0:(497.0,1284.0)
:Sending Touch (ACTION_UP): 0:(497.11945,1280.4567)
Sleeping for 300 milliseconds
:Switch: #Intent;action=android.intent.action.MAIN;category=android.intent.category.LAUNCHER;launchFlags=0x10200000;component=com.jieshun.jslife/.activity.common.WelcomeActivity;end
    // Allowing start of Intent { act=android.intent.action.MAIN cat=[android.intent.category.LAUNCHER] cmp=com.jieshun.jslife/.activity.common.WelcomeActivity } in package com.jieshun.jslife
Sleeping for 300 milliseconds
:Sending Touch (ACTION_DOWN): 0:(766.0,88.0)
:Sending Touch (ACTION_UP): 0:(767.0787,84.70068)
Sleeping for 300 milliseconds
:Sending Touch (ACTION_DOWN): 0:(1006.0,1159.0)
:Sending Touch (ACTION_UP): 0:(1006.0603,1178.768)
Sleeping for 300 milliseconds
:Sending Touch (ACTION_DOWN): 0:(480.0,217.0)
:Sending Touch (ACTION_UP): 0:(470.22284,217.64561)
Sleeping for 300 milliseconds
:Sending Touch (ACTION_DOWN): 0:(986.0,242.0)
:Sending Touch (ACTION_UP): 0:(991.3221,231.90083)
Sleeping for 300 milliseconds
:Sending Touch (ACTION_DOWN): 0:(528.0,534.0)
:Sending Touch (ACTION_UP): 0:(524.7629,553.0181)
Sleeping for 300 milliseconds
:Sending Touch (ACTION_DOWN): 0:(808.0,689.0)
:Sending Touch (ACTION_UP): 0:(803.26526,689.84625)
Sleeping for 300 milliseconds
:Sending Touch (ACTION_DOWN): 0:(542.0,1480.0)
:Sending Touch (ACTION_UP): 0:(549.91187,1465.9492)
Sleeping for 300 milliseconds
:Sending Key (ACTION_DOWN): 24    // KEYCODE_VOLUME_UP
:Sending Key (ACTION_UP): 24    // KEYCODE_VOLUME_UP
Sleeping for 300 milliseconds
:Sending Touch (ACTION_DOWN): 0:(303.0,984.0)
:Sending Touch (ACTION_UP): 0:(285.03113,983.96173)
Sleeping for 300 milliseconds
:Sending Touch (ACTION_DOWN): 0:(17.0,1247.0)
:Sending Touch (ACTION_UP): 0:(6.1807413,1252.8512)
Sleeping for 300 milliseconds
:Sending Touch (ACTION_DOWN): 0:(976.0,1389.0)
:Sending Touch (ACTION_UP): 0:(969.0497,1389.2178)
Sleeping for 300 milliseconds
:Sending Touch (ACTION_DOWN): 0:(801.0,348.0)
:Sending Touch (ACTION_UP): 0:(794.4137,329.1114)
Sleeping for 300 milliseconds
:Sending Touch (ACTION_DOWN): 0:(551.0,1087.0)
:Sending Touch (ACTION_UP): 0:(546.75037,1097.4305)
Sleeping for 300 milliseconds
:Sending Touch (ACTION_DOWN): 0:(705.0,1399.0)
:Sending Touch (ACTION_UP): 0:(706.9948,1381.1516)
Sleeping for 300 milliseconds
:Sending Touch (ACTION_DOWN): 0:(155.0,494.0)
:Sending Touch (ACTION_UP): 0:(137.36885,485.84775)
Sleeping for 300 milliseconds
:Sending Touch (ACTION_DOWN): 0:(774.0,1058.0)
:Sending Touch (ACTION_UP): 0:(778.35626,1057.4204)
Sleeping for 300 milliseconds
:Sending Touch (ACTION_DOWN): 0:(724.0,923.0)
:Sending Touch (ACTION_UP): 0:(745.8959,914.9927)
Sleeping for 300 milliseconds
:Sending Touch (ACTION_DOWN): 0:(990.0,1444.0)
:Sending Touch (ACTION_UP): 0:(994.84265,1430.1436)
Sleeping for 300 milliseconds
:Sending Touch (ACTION_DOWN): 0:(905.0,909.0)
:Sending Touch (ACTION_UP): 0:(912.852,901.0823)
Sleeping for 300 milliseconds
:Sending Touch (ACTION_DOWN): 0:(703.0,31.0)
:Sending Touch (ACTION_UP): 0:(705.04596,21.967651)
    //[calendar_time:2018-07-20 16:56:53.862  system_uptime:40260579]
    // Sending event #200
Sleeping for 300 milliseconds
    //[calendar_time:2018-07-20 16:56:54.179  system_uptime:40260896]
    // Sending event #200
:Sending Touch (ACTION_DOWN): 0:(1055.0,364.0)
:Sending Touch (ACTION_UP): 0:(1045.6453,362.91434)
Sleeping for 300 milliseconds
:Sending Touch (ACTION_DOWN): 0:(306.0,1675.0)
:Sending Touch (ACTION_UP): 0:(294.7623,1672.3591)
Sleeping for 300 milliseconds
:Sending Trackball (ACTION_MOVE): 0:(-1.0,1.0)
:Sending Trackball (ACTION_MOVE): 0:(1.0,4.0)
:Sending Trackball (ACTION_MOVE): 0:(4.0,-5.0)
:Sending Trackball (ACTION_MOVE): 0:(2.0,2.0)
:Sending Trackball (ACTION_MOVE): 0:(4.0,-1.0)
:Sending Trackball (ACTION_MOVE): 0:(3.0,0.0)
:Sending Trackball (ACTION_MOVE): 0:(0.0,-1.0)
:Sending Trackball (ACTION_MOVE): 0:(4.0,0.0)
:Sending Trackball (ACTION_MOVE): 0:(-1.0,-1.0)
:Sending Trackball (ACTION_MOVE): 0:(-1.0,-4.0)
:Sending Trackball (ACTION_MOVE): 0:(4.0,-3.0)
:Sending Trackball (ACTION_MOVE): 0:(3.0,-5.0)
:Sending Trackball (ACTION_MOVE): 0:(-1.0,-5.0)
:Sending Trackball (ACTION_MOVE): 0:(-4.0,2.0)
:Sending Trackball (ACTION_MOVE): 0:(-4.0,-2.0)
:Sending Trackball (ACTION_MOVE): 0:(-3.0,-4.0)
:Sending Trackball (ACTION_MOVE): 0:(-5.0,-5.0)
:Sending Trackball (ACTION_MOVE): 0:(-1.0,0.0)
:Sending Trackball (ACTION_MOVE): 0:(-2.0,-3.0)
:Sending Trackball (ACTION_MOVE): 0:(4.0,1.0)
:Sending Touch (ACTION_DOWN): 0:(568.0,580.0)
:Sending Touch (ACTION_UP): 0:(568.0852,588.7551)
Sleeping for 300 milliseconds
:Sending Touch (ACTION_DOWN): 0:(953.0,1278.0)
:Sending Touch (ACTION_UP): 0:(961.0672,1277.9974)
Sleeping for 300 milliseconds
:Sending Trackball (ACTION_MOVE): 0:(0.0,-5.0)
:Sending Trackball (ACTION_MOVE): 0:(2.0,3.0)
:Sending Trackball (ACTION_MOVE): 0:(-5.0,2.0)
:Sending Trackball (ACTION_MOVE): 0:(-1.0,-4.0)
:Sending Trackball (ACTION_MOVE): 0:(4.0,-1.0)
:Sending Trackball (ACTION_MOVE): 0:(0.0,3.0)
:Sending Trackball (ACTION_MOVE): 0:(-2.0,-1.0)
:Sending Trackball (ACTION_MOVE): 0:(2.0,2.0)
:Sending Trackball (ACTION_MOVE): 0:(-1.0,3.0)
:Sending Trackball (ACTION_MOVE): 0:(-3.0,-4.0)
:Sending Touch (ACTION_DOWN): 0:(182.0,920.0)
:Sending Touch (ACTION_UP): 0:(172.20447,919.815)
Sleeping for 300 milliseconds
:Sending Touch (ACTION_DOWN): 0:(97.0,1464.0)
:Sending Touch (ACTION_UP): 0:(102.90314,1457.6748)
Sleeping for 300 milliseconds
:Sending Touch (ACTION_DOWN): 0:(722.0,216.0)
:Sending Touch (ACTION_MOVE): 0:(700.0071,207.86214)
:Sending Touch (ACTION_MOVE): 0:(697.8544,187.96118)
:Sending Touch (ACTION_MOVE): 0:(676.0198,178.54478)
:Sending Touch (ACTION_MOVE): 0:(661.81683,161.37767)
:Sending Touch (ACTION_MOVE): 0:(646.1243,151.25159)
:Sending Touch (ACTION_UP): 0:(628.30853,150.23866)
Sleeping for 300 milliseconds
:Sending Touch (ACTION_DOWN): 0:(951.0,731.0)
:Sending Touch (ACTION_UP): 0:(935.6514,713.4648)
Sleeping for 300 milliseconds
:Sending Touch (ACTION_DOWN): 0:(219.0,1068.0)
:Sending Touch (ACTION_UP): 0:(207.44728,1049.5054)
Sleeping for 300 milliseconds
:Sending Touch (ACTION_DOWN): 0:(248.0,682.0)
:Sending Touch (ACTION_UP): 0:(258.7098,689.41254)
Sleeping for 300 milliseconds
:Sending Touch (ACTION_DOWN): 0:(821.0,1416.0)
:Sending Touch (ACTION_UP): 0:(821.99164,1418.1589)
Sleeping for 300 milliseconds
:Sending Touch (ACTION_DOWN): 0:(190.0,694.0)
:Sending Touch (ACTION_UP): 0:(184.14363,707.1248)
Sleeping for 300 milliseconds
:Sending Touch (ACTION_DOWN): 0:(909.0,403.0)
:Sending Touch (ACTION_UP): 0:(911.85693,402.7223)
Sleeping for 300 milliseconds
:Sending Touch (ACTION_DOWN): 0:(804.0,1406.0)
:Sending Touch (ACTION_UP): 0:(825.61035,1405.4115)
Sleeping for 300 milliseconds
:Sending Touch (ACTION_DOWN): 0:(404.0,383.0)
:Sending Touch (ACTION_UP): 0:(390.43472,379.25583)
Sleeping for 300 milliseconds
:Sending Key (ACTION_DOWN): 24    // KEYCODE_VOLUME_UP
:Sending Key (ACTION_UP): 24    // KEYCODE_VOLUME_UP
Sleeping for 300 milliseconds
:Sending Touch (ACTION_DOWN): 0:(617.0,1402.0)
:Sending Touch (ACTION_UP): 0:(625.642,1394.2487)
Sleeping for 300 milliseconds
:Sending Touch (ACTION_DOWN): 0:(315.0,248.0)
:Sending Touch (ACTION_UP): 0:(316.64127,262.6421)
Sleeping for 300 milliseconds
:Sending Touch (ACTION_DOWN): 0:(992.0,1556.0)
:Sending Touch (ACTION_UP): 0:(999.3054,1546.162)
Sleeping for 300 milliseconds
:Sending Touch (ACTION_DOWN): 0:(663.0,908.0)
:Sending Touch (ACTION_UP): 0:(675.5253,904.72125)
Sleeping for 300 milliseconds
:Sending Trackball (ACTION_MOVE): 0:(-2.0,1.0)
:Sending Trackball (ACTION_MOVE): 0:(1.0,0.0)
:Sending Trackball (ACTION_MOVE): 0:(-2.0,-3.0)
:Sending Trackball (ACTION_MOVE): 0:(1.0,-5.0)
:Sending Trackball (ACTION_MOVE): 0:(-3.0,4.0)
:Sending Trackball (ACTION_MOVE): 0:(3.0,-4.0)
:Sending Trackball (ACTION_MOVE): 0:(-1.0,-5.0)
:Sending Trackball (ACTION_MOVE): 0:(2.0,-5.0)
:Sending Trackball (ACTION_MOVE): 0:(-2.0,2.0)
:Sending Trackball (ACTION_MOVE): 0:(1.0,0.0)
:Sending Touch (ACTION_DOWN): 0:(341.0,132.0)
:Sending Touch (ACTION_UP): 0:(357.09744,129.75923)
Sleeping for 300 milliseconds
:Sending Touch (ACTION_DOWN): 0:(1041.0,1469.0)
:Sending Touch (ACTION_UP): 0:(1032.7363,1470.9211)
Sleeping for 300 milliseconds
:Sending Touch (ACTION_DOWN): 0:(713.0,1512.0)
:Sending Touch (ACTION_UP): 0:(699.4219,1516.1434)
Sleeping for 300 milliseconds
:Sending Touch (ACTION_DOWN): 0:(462.0,733.0)
:Sending Touch (ACTION_UP): 0:(456.9564,724.63257)
Sleeping for 300 milliseconds
:Sending Key (ACTION_DOWN): 4    // KEYCODE_BACK
:Sending Key (ACTION_UP): 4    // KEYCODE_BACK
Sleeping for 300 milliseconds
:Sending Touch (ACTION_DOWN): 0:(126.0,90.0)
:Sending Touch (ACTION_MOVE): 0:(137.97893,78.747955)
:Sending Touch (ACTION_MOVE): 0:(141.40457,77.86146)
:Sending Touch (ACTION_MOVE): 0:(147.74564,69.47392)
:Sending Touch (ACTION_MOVE): 0:(152.70381,63.574703)
    //[calendar_time:2018-07-20 16:57:02.461  system_uptime:40269178]
    // Sending event #300
:Sending Touch (ACTION_MOVE): 0:(161.71188,58.27635)
:Sending Touch (ACTION_MOVE): 0:(169.20216,48.981018)
:Sending Touch (ACTION_UP): 0:(175.37059,41.80652)
Sleeping for 300 milliseconds
:Sending Touch (ACTION_DOWN): 0:(442.0,761.0)
:Sending Touch (ACTION_UP): 0:(438.38824,774.63074)
Sleeping for 300 milliseconds
:Sending Key (ACTION_DOWN): 4    // KEYCODE_BACK
:Sending Key (ACTION_UP): 4    // KEYCODE_BACK
Sleeping for 300 milliseconds
:Sending Touch (ACTION_DOWN): 0:(1079.0,565.0)
:Sending Touch (ACTION_UP): 0:(1080.0,564.8009)
Sleeping for 300 milliseconds
:Sending Touch (ACTION_DOWN): 0:(135.0,1264.0)
:Sending Touch (ACTION_UP): 0:(132.73196,1260.4894)
Sleeping for 300 milliseconds
:Switch: #Intent;action=android.intent.action.MAIN;category=android.intent.category.LAUNCHER;launchFlags=0x10200000;component=com.jieshun.jslife/.activity.common.WelcomeActivity;end
    // Allowing start of Intent { act=android.intent.action.MAIN cat=[android.intent.category.LAUNCHER] cmp=com.jieshun.jslife/.activity.common.WelcomeActivity } in package com.jieshun.jslife
Sleeping for 300 milliseconds
:Sending Touch (ACTION_DOWN): 0:(350.0,783.0)
:Sending Touch (ACTION_UP): 0:(346.26828,792.6265)
Sleeping for 300 milliseconds
:Sending Touch (ACTION_DOWN): 0:(11.0,1054.0)
:Sending Touch (ACTION_UP): 0:(6.762129,1054.661)
Sleeping for 300 milliseconds
:Sending Touch (ACTION_DOWN): 0:(886.0,814.0)
:Sending Touch (ACTION_UP): 0:(887.3099,825.6873)
Sleeping for 300 milliseconds
:Sending Touch (ACTION_DOWN): 0:(349.0,236.0)
:Sending Touch (ACTION_UP): 0:(363.61563,228.84874)
Sleeping for 300 milliseconds
:Sending Touch (ACTION_DOWN): 0:(963.0,1722.0)
:Sending Touch (ACTION_UP): 0:(973.4981,1723.0897)
Sleeping for 300 milliseconds
:Switch: #Intent;action=android.intent.action.MAIN;category=android.intent.category.LAUNCHER;launchFlags=0x10200000;component=com.jieshun.jslife/.activity.common.WelcomeActivity;end
    // Allowing start of Intent { act=android.intent.action.MAIN cat=[android.intent.category.LAUNCHER] cmp=com.jieshun.jslife/.activity.common.WelcomeActivity } in package com.jieshun.jslife
Sleeping for 300 milliseconds
:Sending Touch (ACTION_DOWN): 0:(862.0,776.0)
:Sending Touch (ACTION_UP): 0:(867.0214,778.88226)
Sleeping for 300 milliseconds
:Sending Touch (ACTION_DOWN): 0:(612.0,1267.0)
:Sending Touch (ACTION_UP): 0:(600.6899,1272.3219)
Sleeping for 300 milliseconds
:Sending Touch (ACTION_DOWN): 0:(302.0,1774.0)
:Sending Touch (ACTION_MOVE): 0:(297.76328,1762.9978)
:Sending Touch (ACTION_MOVE): 0:(281.32785,1754.0338)
:Sending Touch (ACTION_MOVE): 0:(262.19403,1753.0408)
:Sending Touch (ACTION_UP): 0:(253.48933,1752.1176)
Sleeping for 300 milliseconds
:Sending Touch (ACTION_DOWN): 0:(261.0,1905.0)
:Sending Touch (ACTION_UP): 0:(262.54694,1903.5834)
Sleeping for 300 milliseconds
:Sending Touch (ACTION_DOWN): 0:(273.0,1562.0)
:Sending Touch (ACTION_UP): 0:(279.95786,1576.1287)
Sleeping for 300 milliseconds
:Sending Touch (ACTION_DOWN): 0:(236.0,1496.0)
:Sending Touch (ACTION_UP): 0:(249.51485,1500.4661)
Sleeping for 300 milliseconds
:Sending Key (ACTION_DOWN): 25    // KEYCODE_VOLUME_DOWN
:Sending Key (ACTION_UP): 25    // KEYCODE_VOLUME_DOWN
Sleeping for 300 milliseconds
:Sending Touch (ACTION_DOWN): 0:(379.0,1324.0)
:Sending Touch (ACTION_UP): 0:(364.13483,1316.9373)
Sleeping for 300 milliseconds
:Sending Touch (ACTION_DOWN): 0:(552.0,1060.0)
:Sending Touch (ACTION_UP): 0:(550.0785,1068.8021)
Sleeping for 300 milliseconds
:Sending Touch (ACTION_DOWN): 0:(25.0,217.0)
:Sending Touch (ACTION_UP): 0:(17.412632,220.91083)
Sleeping for 300 milliseconds
:Sending Key (ACTION_DOWN): 4    // KEYCODE_BACK
:Sending Key (ACTION_UP): 4    // KEYCODE_BACK
Sleeping for 300 milliseconds
:Sending Touch (ACTION_DOWN): 0:(1072.0,1636.0)
:Sending Touch (ACTION_UP): 0:(1080.0,1628.123)
Sleeping for 300 milliseconds
:Sending Trackball (ACTION_MOVE): 0:(-5.0,-2.0)
:Sending Trackball (ACTION_MOVE): 0:(4.0,-5.0)
:Sending Trackball (ACTION_MOVE): 0:(-4.0,-2.0)
:Sending Trackball (ACTION_MOVE): 0:(-5.0,3.0)
:Sending Trackball (ACTION_MOVE): 0:(-3.0,-1.0)
:Sending Trackball (ACTION_MOVE): 0:(-2.0,2.0)
:Sending Trackball (ACTION_MOVE): 0:(3.0,4.0)
:Sending Trackball (ACTION_MOVE): 0:(1.0,-2.0)
:Sending Trackball (ACTION_MOVE): 0:(4.0,0.0)
:Sending Trackball (ACTION_MOVE): 0:(1.0,-5.0)
:Sending Touch (ACTION_DOWN): 0:(799.0,329.0)
:Sending Touch (ACTION_UP): 0:(801.62854,342.5943)
Sleeping for 300 milliseconds
:Sending Touch (ACTION_DOWN): 0:(177.0,885.0)
:Sending Touch (ACTION_UP): 0:(169.55768,875.2333)
Sleeping for 300 milliseconds
:Sending Touch (ACTION_DOWN): 0:(169.0,1290.0)
:Sending Touch (ACTION_UP): 0:(161.80501,1292.9095)
Sleeping for 300 milliseconds
:Sending Touch (ACTION_DOWN): 0:(938.0,876.0)
:Sending Touch (ACTION_UP): 0:(946.7344,884.6194)
Sleeping for 300 milliseconds
:Sending Touch (ACTION_DOWN): 0:(588.0,984.0)
:Sending Touch (ACTION_UP): 0:(605.5719,970.58484)
Sleeping for 300 milliseconds
:Sending Touch (ACTION_DOWN): 0:(467.0,1260.0)
:Sending Touch (ACTION_UP): 0:(474.12912,1264.7667)
Sleeping for 300 milliseconds
:Sending Touch (ACTION_DOWN): 0:(927.0,231.0)
:Sending Touch (ACTION_UP): 0:(936.9417,232.35156)
Sleeping for 300 milliseconds
:Sending Touch (ACTION_DOWN): 0:(783.0,1259.0)
:Sending Touch (ACTION_UP): 0:(783.882,1256.6572)
Sleeping for 300 milliseconds
:Sending Touch (ACTION_DOWN): 0:(280.0,1160.0)
:Sending Touch (ACTION_UP): 0:(281.77634,1162.1348)
Sleeping for 300 milliseconds
:Sending Touch (ACTION_DOWN): 0:(919.0,196.0)
:Sending Touch (ACTION_UP): 0:(917.2707,206.9587)
Sleeping for 300 milliseconds
:Sending Touch (ACTION_DOWN): 0:(153.0,1544.0)
:Sending Touch (ACTION_UP): 0:(141.0492,1547.6571)
Sleeping for 300 milliseconds
:Sending Touch (ACTION_DOWN): 0:(150.0,1622.0)
:Sending Touch (ACTION_UP): 0:(141.98059,1622.1941)
Sleeping for 300 milliseconds
:Sending Trackball (ACTION_MOVE): 0:(-5.0,0.0)
:Sending Trackball (ACTION_MOVE): 0:(3.0,2.0)
:Sending Trackball (ACTION_MOVE): 0:(-3.0,4.0)
:Sending Trackball (ACTION_MOVE): 0:(-3.0,4.0)
:Sending Trackball (ACTION_MOVE): 0:(1.0,3.0)
:Sending Trackball (ACTION_MOVE): 0:(-1.0,0.0)
:Sending Trackball (ACTION_MOVE): 0:(0.0,0.0)
:Sending Trackball (ACTION_MOVE): 0:(2.0,-5.0)
:Sending Trackball (ACTION_MOVE): 0:(-2.0,-1.0)
:Sending Trackball (ACTION_MOVE): 0:(-2.0,0.0)
:Sending Touch (ACTION_DOWN): 0:(804.0,792.0)
:Sending Touch (ACTION_UP): 0:(800.47473,789.152)
Sleeping for 300 milliseconds
:Sending Touch (ACTION_DOWN): 0:(808.0,1306.0)
:Sending Touch (ACTION_MOVE): 0:(789.3904,1301.5349)
:Sending Touch (ACTION_MOVE): 0:(782.3335,1298.0706)
:Sending Touch (ACTION_MOVE): 0:(781.16473,1296.6936)
    //[calendar_time:2018-07-20 16:57:14.510  system_uptime:40281227]
    // Sending event #400
:Sending Touch (ACTION_MOVE): 0:(770.1469,1290.4319)
:Sending Touch (ACTION_MOVE): 0:(762.53,1288.5608)
:Sending Touch (ACTION_UP): 0:(754.02203,1282.0417)
Sleeping for 300 milliseconds
:Sending Touch (ACTION_DOWN): 0:(208.0,1854.0)
:Sending Touch (ACTION_UP): 0:(219.78076,1867.3379)
Sleeping for 300 milliseconds
:Sending Touch (ACTION_DOWN): 0:(1006.0,1666.0)
:Sending Touch (ACTION_UP): 0:(999.8089,1670.9392)
Sleeping for 300 milliseconds
:Sending Touch (ACTION_DOWN): 0:(152.0,1083.0)
:Sending Touch (ACTION_UP): 0:(136.45352,1082.3368)
Sleeping for 300 milliseconds
:Sending Touch (ACTION_DOWN): 0:(699.0,631.0)
:Sending Touch (ACTION_UP): 0:(688.03613,625.4046)
Sleeping for 300 milliseconds
:Sending Touch (ACTION_DOWN): 0:(638.0,121.0)
:Sending Touch (ACTION_UP): 0:(629.68805,134.09868)
Sleeping for 300 milliseconds
:Sending Touch (ACTION_DOWN): 0:(910.0,1069.0)
:Sending Touch (ACTION_UP): 0:(910.8702,1075.8599)
Sleeping for 300 milliseconds
:Sending Touch (ACTION_DOWN): 0:(72.0,1868.0)
:Sending Touch (ACTION_UP): 0:(71.06585,1885.5571)
Sleeping for 300 milliseconds
:Sending Touch (ACTION_DOWN): 0:(676.0,462.0)
:Sending Touch (ACTION_UP): 0:(671.60455,463.18607)
Sleeping for 300 milliseconds
:Sending Touch (ACTION_DOWN): 0:(350.0,1460.0)
:Sending Touch (ACTION_UP): 0:(353.1252,1466.1241)
Sleeping for 300 milliseconds
:Sending Touch (ACTION_DOWN): 0:(90.0,1143.0)
:Sending Touch (ACTION_UP): 0:(85.566826,1146.4702)
Sleeping for 300 milliseconds
:Sending Touch (ACTION_DOWN): 0:(441.0,559.0)
:Sending Touch (ACTION_MOVE): 0:(440.55917,561.8712)
:Sending Touch (ACTION_MOVE): 0:(440.2365,569.2494)
:Sending Touch (ACTION_MOVE): 0:(438.93015,575.18854)
:Sending Touch (ACTION_MOVE): 0:(437.70673,578.9023)
:Sending Touch (ACTION_UP): 0:(436.99704,579.6626)
Sleeping for 300 milliseconds
:Sending Touch (ACTION_DOWN): 0:(426.0,330.0)
:Sending Touch (ACTION_UP): 0:(427.44586,332.68533)
Sleeping for 300 milliseconds
:Sending Touch (ACTION_DOWN): 0:(108.0,620.0)
:Sending Touch (ACTION_UP): 0:(97.29449,613.3094)
Sleeping for 300 milliseconds
:Sending Key (ACTION_DOWN): 25    // KEYCODE_VOLUME_DOWN
:Sending Key (ACTION_UP): 25    // KEYCODE_VOLUME_DOWN
Sleeping for 300 milliseconds
:Sending Touch (ACTION_DOWN): 0:(451.0,1724.0)
:Sending Touch (ACTION_UP): 0:(447.39844,1724.8032)
Sleeping for 300 milliseconds
:Sending Touch (ACTION_DOWN): 0:(61.0,288.0)
:Sending Touch (ACTION_UP): 0:(52.367737,295.928)
Sleeping for 300 milliseconds
:Sending Touch (ACTION_DOWN): 0:(565.0,862.0)
:Sending Touch (ACTION_UP): 0:(565.49884,871.6484)
Sleeping for 300 milliseconds
:Sending Touch (ACTION_DOWN): 0:(750.0,912.0)
:Sending Touch (ACTION_UP): 0:(737.8787,924.3484)
Sleeping for 300 milliseconds
:Sending Trackball (ACTION_MOVE): 0:(1.0,-3.0)
:Sending Trackball (ACTION_MOVE): 0:(3.0,-5.0)
:Sending Trackball (ACTION_MOVE): 0:(0.0,4.0)
:Sending Trackball (ACTION_MOVE): 0:(-1.0,0.0)
:Sending Trackball (ACTION_MOVE): 0:(-1.0,4.0)
:Sending Trackball (ACTION_MOVE): 0:(-4.0,-1.0)
:Sending Trackball (ACTION_MOVE): 0:(1.0,-2.0)
:Sending Trackball (ACTION_MOVE): 0:(2.0,-5.0)
:Sending Trackball (ACTION_MOVE): 0:(-5.0,-5.0)
:Sending Trackball (ACTION_MOVE): 0:(-4.0,-3.0)
:Sending Touch (ACTION_DOWN): 0:(262.0,1027.0)
:Sending Touch (ACTION_MOVE): 0:(259.68863,1026.7235)
:Sending Touch (ACTION_UP): 0:(258.34653,1026.4478)
Sleeping for 300 milliseconds
:Sending Touch (ACTION_DOWN): 0:(9.0,1326.0)
:Sending Touch (ACTION_UP): 0:(18.065353,1317.0885)
Sleeping for 300 milliseconds
:Sending Touch (ACTION_DOWN): 0:(1020.0,685.0)
:Sending Touch (ACTION_UP): 0:(1010.0328,694.0389)
Sleeping for 300 milliseconds
:Sending Touch (ACTION_DOWN): 0:(975.0,693.0)
:Sending Touch (ACTION_UP): 0:(969.95184,692.94073)
Sleeping for 300 milliseconds
:Sending Touch (ACTION_DOWN): 0:(532.0,793.0)
:Sending Touch (ACTION_UP): 0:(527.7127,782.0088)
Sleeping for 300 milliseconds
:Sending Touch (ACTION_DOWN): 0:(210.0,1905.0)
:Sending Touch (ACTION_UP): 0:(210.87057,1905.8207)
Sleeping for 300 milliseconds
:Sending Touch (ACTION_DOWN): 0:(737.0,24.0)
:Sending Touch (ACTION_UP): 0:(736.71625,23.919912)
Sleeping for 300 milliseconds
:Sending Touch (ACTION_DOWN): 0:(1026.0,739.0)
:Sending Touch (ACTION_UP): 0:(1028.1217,734.8547)
Sleeping for 300 milliseconds
:Switch: #Intent;action=android.intent.action.MAIN;category=android.intent.category.LAUNCHER;launchFlags=0x10200000;component=com.jieshun.jslife/.activity.common.WelcomeActivity;end
    // Allowing start of Intent { act=android.intent.action.MAIN cat=[android.intent.category.LAUNCHER] cmp=com.jieshun.jslife/.activity.common.WelcomeActivity } in package com.jieshun.jslife
Sleeping for 300 milliseconds
:Sending Touch (ACTION_DOWN): 0:(278.0,223.0)
:Sending Touch (ACTION_UP): 0:(277.65204,225.62325)
Sleeping for 300 milliseconds
:Sending Touch (ACTION_DOWN): 0:(1058.0,148.0)
:Sending Touch (ACTION_UP): 0:(1048.8617,154.29541)
Sleeping for 300 milliseconds
:Sending Touch (ACTION_DOWN): 0:(1071.0,1699.0)
:Sending Touch (ACTION_UP): 0:(1071.0375,1702.4235)
Sleeping for 300 milliseconds
:Sending Touch (ACTION_DOWN): 0:(568.0,1255.0)
:Sending Touch (ACTION_MOVE): 0:(549.6193,1255.7976)
:Sending Touch (ACTION_MOVE): 0:(549.39966,1256.403)
:Sending Touch (ACTION_MOVE): 0:(546.25446,1256.5199)
:Sending Touch (ACTION_MOVE): 0:(531.1113,1256.8195)
:Sending Touch (ACTION_MOVE): 0:(512.5801,1257.027)
:Sending Touch (ACTION_MOVE): 0:(497.40707,1257.3455)
:Sending Touch (ACTION_MOVE): 0:(484.42218,1257.8535)
:Sending Touch (ACTION_MOVE): 0:(475.3329,1259.0323)
:Sending Touch (ACTION_MOVE): 0:(458.91473,1259.5065)
:Sending Touch (ACTION_UP): 0:(449.37338,1260.2656)
Sleeping for 300 milliseconds
:Sending Touch (ACTION_DOWN): 0:(608.0,291.0)
:Sending Touch (ACTION_UP): 0:(610.71985,298.359)
Sleeping for 300 milliseconds
:Sending Touch (ACTION_DOWN): 0:(107.0,857.0)
:Sending Touch (ACTION_UP): 0:(107.874245,864.8308)
Sleeping for 300 milliseconds
:Sending Touch (ACTION_DOWN): 0:(598.0,815.0)
:Sending Touch (ACTION_UP): 0:(600.26514,827.7533)
Sleeping for 300 milliseconds
:Sending Touch (ACTION_DOWN): 0:(428.0,799.0)
:Sending Touch (ACTION_UP): 0:(424.864,799.01135)
Sleeping for 300 milliseconds
:Sending Touch (ACTION_DOWN): 0:(350.0,669.0)
:Sending Touch (ACTION_UP): 0:(341.62152,681.8845)
Sleeping for 300 milliseconds
:Sending Touch (ACTION_DOWN): 0:(29.0,1125.0)
:Sending Touch (ACTION_UP): 0:(40.58198,1122.144)
Events injected: 500
:Sending rotation degree=0, persist=false
:Dropped: keys=0 pointers=0 trackballs=0 flips=0 rotations=0
## Network stats: elapsed time=60554ms (0ms mobile, 0ms wifi, 60554ms not connected)
// Monkey finished
