  bash arg: -p
  bash arg: com.jieshun.jslife
  bash arg: -s
  bash arg: 134
  bash arg: --throttle
  bash arg: 300
  bash arg: --ignore-crashes
  bash arg: --ignore-timeouts
  bash arg: --pct-touch
  bash arg: 80
  bash arg: --pct-trackball
  bash arg: 5
  bash arg: --pct-appswitch
  bash arg: 5
  bash arg: --pct-syskeys
  bash arg: 5
  bash arg: --pct-motion
  bash arg: 5
  bash arg: -v
  bash arg: -v
  bash arg: 500
:Monkey: seed=134 count=500
:AllowPackage: com.jieshun.jslife
:IncludeCategory: android.intent.category.LAUNCHER
:IncludeCategory: android.intent.category.MONKEY
// Selecting main activities from category android.intent.category.LAUNCHER
//   + Using main activity com.jieshun.jslife.activity.common.WelcomeActivity (from package com.jieshun.jslife)
// Selecting main activities from category android.intent.category.MONKEY
// Seeded: 134
// Event percentages:
//   0: 80.0%
//   1: 5.0%
//   2: 0.0%
//   3: 5.0%
//   4: -0.0%
//   5: -0.0%
//   6: 0.0%
//   7: 0.0%
//   8: 5.0%
//   9: 5.0%
//   10: 0.0%
//   11: 0.0%
:Switch: #Intent;action=android.intent.action.MAIN;category=android.intent.category.LAUNCHER;launchFlags=0x10200000;component=com.jieshun.jslife/.activity.common.WelcomeActivity;end
    // Allowing start of Intent { act=android.intent.action.MAIN cat=[android.intent.category.LAUNCHER] cmp=com.jieshun.jslife/.activity.common.WelcomeActivity } in package com.jieshun.jslife
Sleeping for 300 milliseconds
:Sending Key (ACTION_DOWN): 25    // KEYCODE_VOLUME_DOWN
:Sending Key (ACTION_UP): 25    // KEYCODE_VOLUME_DOWN
Sleeping for 300 milliseconds
:Sending Touch (ACTION_DOWN): 0:(533.0,152.0)
:Sending Touch (ACTION_UP): 0:(545.01904,164.35693)
Sleeping for 300 milliseconds
:Sending Trackball (ACTION_MOVE): 0:(0.0,-2.0)
:Sending Trackball (ACTION_MOVE): 0:(-5.0,-1.0)
:Sending Trackball (ACTION_MOVE): 0:(4.0,-3.0)
:Sending Trackball (ACTION_MOVE): 0:(-3.0,-2.0)
:Sending Trackball (ACTION_MOVE): 0:(-3.0,1.0)
:Sending Trackball (ACTION_MOVE): 0:(-5.0,0.0)
:Sending Trackball (ACTION_MOVE): 0:(4.0,3.0)
:Sending Trackball (ACTION_MOVE): 0:(1.0,-5.0)
:Sending Trackball (ACTION_MOVE): 0:(-1.0,-5.0)
:Sending Trackball (ACTION_MOVE): 0:(-5.0,2.0)
:Sending Touch (ACTION_DOWN): 0:(974.0,958.0)
:Sending Touch (ACTION_UP): 0:(974.86676,955.15076)
Sleeping for 300 milliseconds
:Sending Touch (ACTION_DOWN): 0:(412.0,1636.0)
:Sending Touch (ACTION_UP): 0:(412.82132,1632.4799)
Sleeping for 300 milliseconds
    // Allowing start of Intent { cmp=com.jieshun.jslife/.activity.userinfo.ConsumeOrderDetailActivity } in package com.jieshun.jslife
:Sending Touch (ACTION_DOWN): 0:(926.0,172.0)
:Sending Touch (ACTION_UP): 0:(927.3921,178.67393)
Sleeping for 300 milliseconds
:Sending Touch (ACTION_DOWN): 0:(950.0,687.0)
:Sending Touch (ACTION_UP): 0:(947.9628,695.4469)
Sleeping for 300 milliseconds
:Sending Touch (ACTION_DOWN): 0:(883.0,294.0)
:Sending Touch (ACTION_UP): 0:(881.32623,286.03082)
Sleeping for 300 milliseconds
:Sending Touch (ACTION_DOWN): 0:(284.0,951.0)
:Sending Touch (ACTION_UP): 0:(285.93994,949.0007)
Sleeping for 300 milliseconds
:Sending Touch (ACTION_DOWN): 0:(426.0,1220.0)
:Sending Touch (ACTION_UP): 0:(436.50937,1206.4222)
Sleeping for 300 milliseconds
:Sending Touch (ACTION_DOWN): 0:(131.0,300.0)
:Sending Touch (ACTION_UP): 0:(138.46985,319.9465)
Sleeping for 300 milliseconds
:Sending Touch (ACTION_DOWN): 0:(564.0,1750.0)
:Sending Touch (ACTION_UP): 0:(550.83875,1751.053)
Sleeping for 300 milliseconds
:Sending Key (ACTION_DOWN): 4    // KEYCODE_BACK
:Sending Key (ACTION_UP): 4    // KEYCODE_BACK
Sleeping for 300 milliseconds
    // activityResuming(com.jieshun.jslife)
:Sending Touch (ACTION_DOWN): 0:(989.0,1029.0)
:Sending Touch (ACTION_UP): 0:(986.23346,1028.5184)
Sleeping for 300 milliseconds
    // Allowing start of Intent { cmp=com.jieshun.jslife/.activity.userinfo.ConsumeOrderDetailActivity } in package com.jieshun.jslife
:Sending Key (ACTION_DOWN): 24    // KEYCODE_VOLUME_UP
:Sending Key (ACTION_UP): 24    // KEYCODE_VOLUME_UP
Sleeping for 300 milliseconds
:Sending Touch (ACTION_DOWN): 0:(298.0,203.0)
:Sending Touch (ACTION_UP): 0:(295.0812,198.516)
Sleeping for 300 milliseconds
:Sending Touch (ACTION_DOWN): 0:(1020.0,1817.0)
:Sending Touch (ACTION_UP): 0:(1022.66907,1814.1484)
Sleeping for 300 milliseconds
:Sending Touch (ACTION_DOWN): 0:(372.0,967.0)
:Sending Touch (ACTION_UP): 0:(385.10202,966.2576)
Sleeping for 300 milliseconds
:Sending Key (ACTION_DOWN): 25    // KEYCODE_VOLUME_DOWN
:Sending Key (ACTION_UP): 25    // KEYCODE_VOLUME_DOWN
Sleeping for 300 milliseconds
:Sending Touch (ACTION_DOWN): 0:(39.0,1077.0)
:Sending Touch (ACTION_UP): 0:(46.83982,1090.5796)
Sleeping for 300 milliseconds
:Sending Touch (ACTION_DOWN): 0:(624.0,1438.0)
:Sending Touch (ACTION_UP): 0:(610.24915,1435.2798)
Sleeping for 300 milliseconds
:Sending Touch (ACTION_DOWN): 0:(93.0,624.0)
:Sending Touch (ACTION_UP): 0:(96.2735,625.2064)
Sleeping for 300 milliseconds
:Sending Touch (ACTION_DOWN): 0:(333.0,724.0)
:Sending Touch (ACTION_UP): 0:(330.62704,713.8377)
Sleeping for 300 milliseconds
:Sending Touch (ACTION_DOWN): 0:(888.0,1437.0)
:Sending Touch (ACTION_UP): 0:(885.5086,1435.3384)
Sleeping for 300 milliseconds
:Sending Touch (ACTION_DOWN): 0:(151.0,153.0)
:Sending Touch (ACTION_UP): 0:(165.71375,155.06247)
Sleeping for 300 milliseconds
:Sending Touch (ACTION_DOWN): 0:(729.0,1898.0)
:Sending Touch (ACTION_UP): 0:(728.73566,1918.9086)
Sleeping for 300 milliseconds
:Sending Touch (ACTION_DOWN): 0:(237.0,1848.0)
:Sending Touch (ACTION_UP): 0:(229.42773,1854.3037)
Sleeping for 300 milliseconds
:Sending Touch (ACTION_DOWN): 0:(450.0,1221.0)
:Sending Touch (ACTION_MOVE): 0:(455.08063,1221.5477)
:Sending Touch (ACTION_MOVE): 0:(456.40967,1225.0543)
:Sending Touch (ACTION_UP): 0:(463.48346,1225.3998)
Sleeping for 300 milliseconds
:Sending Trackball (ACTION_MOVE): 0:(-4.0,3.0)
:Sending Trackball (ACTION_MOVE): 0:(3.0,0.0)
:Sending Trackball (ACTION_MOVE): 0:(-2.0,-4.0)
:Sending Trackball (ACTION_MOVE): 0:(4.0,4.0)
:Sending Trackball (ACTION_MOVE): 0:(-5.0,-3.0)
:Sending Trackball (ACTION_MOVE): 0:(-5.0,3.0)
:Sending Trackball (ACTION_MOVE): 0:(-5.0,1.0)
:Sending Trackball (ACTION_MOVE): 0:(3.0,3.0)
:Sending Trackball (ACTION_MOVE): 0:(4.0,1.0)
:Sending Trackball (ACTION_MOVE): 0:(2.0,-5.0)
:Sending Touch (ACTION_DOWN): 0:(749.0,1569.0)
:Sending Touch (ACTION_UP): 0:(751.1153,1587.1519)
Sleeping for 300 milliseconds
:Sending Trackball (ACTION_MOVE): 0:(-1.0,-4.0)
:Sending Trackball (ACTION_MOVE): 0:(3.0,3.0)
:Sending Trackball (ACTION_MOVE): 0:(2.0,-1.0)
:Sending Trackball (ACTION_MOVE): 0:(4.0,1.0)
:Sending Trackball (ACTION_MOVE): 0:(1.0,-4.0)
:Sending Trackball (ACTION_MOVE): 0:(-2.0,-4.0)
:Sending Trackball (ACTION_MOVE): 0:(-4.0,-4.0)
:Sending Trackball (ACTION_MOVE): 0:(-1.0,-1.0)
:Sending Trackball (ACTION_MOVE): 0:(-4.0,-2.0)
:Sending Trackball (ACTION_MOVE): 0:(-2.0,1.0)
:Sending Trackball (ACTION_MOVE): 0:(-4.0,-3.0)
:Sending Trackball (ACTION_MOVE): 0:(3.0,0.0)
:Sending Trackball (ACTION_MOVE): 0:(0.0,2.0)
:Sending Trackball (ACTION_MOVE): 0:(4.0,0.0)
:Sending Trackball (ACTION_MOVE): 0:(1.0,4.0)
:Sending Trackball (ACTION_MOVE): 0:(0.0,3.0)
:Sending Trackball (ACTION_MOVE): 0:(1.0,0.0)
:Sending Trackball (ACTION_MOVE): 0:(4.0,3.0)
:Sending Trackball (ACTION_MOVE): 0:(-4.0,-3.0)
:Sending Trackball (ACTION_MOVE): 0:(1.0,-4.0)
:Sending Touch (ACTION_DOWN): 0:(394.0,118.0)
    //[calendar_time:2018-07-20 16:38:23.744  system_uptime:39150462]
    // Sending event #100
:Sending Touch (ACTION_UP): 0:(391.1519,121.16012)
Sleeping for 300 milliseconds
:Sending Touch (ACTION_DOWN): 0:(533.0,1549.0)
:Sending Touch (ACTION_MOVE): 0:(530.8705,1553.9198)
:Sending Touch (ACTION_MOVE): 0:(528.89886,1568.6669)
:Sending Touch (ACTION_MOVE): 0:(527.95026,1568.7314)
:Sending Touch (ACTION_MOVE): 0:(525.9545,1569.3706)
:Sending Touch (ACTION_UP): 0:(524.9235,1589.2802)
Sleeping for 300 milliseconds
:Sending Touch (ACTION_DOWN): 0:(498.0,682.0)
:Sending Touch (ACTION_UP): 0:(510.84857,680.805)
Sleeping for 300 milliseconds
:Sending Touch (ACTION_DOWN): 0:(338.0,930.0)
:Sending Touch (ACTION_UP): 0:(320.57886,928.26764)
Sleeping for 300 milliseconds
:Sending Touch (ACTION_DOWN): 0:(152.0,1532.0)
:Sending Touch (ACTION_UP): 0:(152.62312,1538.2559)
Sleeping for 300 milliseconds
:Sending Touch (ACTION_DOWN): 0:(48.0,936.0)
:Sending Touch (ACTION_UP): 0:(41.929684,933.6944)
Sleeping for 300 milliseconds
:Sending Touch (ACTION_DOWN): 0:(372.0,50.0)
:Sending Touch (ACTION_UP): 0:(372.3926,53.91121)
Sleeping for 300 milliseconds
:Sending Touch (ACTION_DOWN): 0:(756.0,1776.0)
:Sending Touch (ACTION_UP): 0:(758.0466,1789.9424)
Sleeping for 300 milliseconds
    // Rejecting start of Intent { act=android.intent.action.CALL dat=tel:xxxxxxxxxx cmp=com.android.server.telecom/.components.UserCallActivity } in package com.android.server.telecom
:Sending Trackball (ACTION_MOVE): 0:(-4.0,-4.0)
:Sending Trackball (ACTION_MOVE): 0:(-5.0,-1.0)
:Sending Trackball (ACTION_MOVE): 0:(3.0,-1.0)
:Sending Trackball (ACTION_MOVE): 0:(0.0,-5.0)
:Sending Trackball (ACTION_MOVE): 0:(1.0,0.0)
:Sending Trackball (ACTION_MOVE): 0:(4.0,1.0)
:Sending Trackball (ACTION_MOVE): 0:(4.0,-4.0)
:Sending Trackball (ACTION_MOVE): 0:(2.0,-5.0)
:Sending Trackball (ACTION_MOVE): 0:(-3.0,2.0)
:Sending Trackball (ACTION_MOVE): 0:(2.0,-1.0)
:Sending Touch (ACTION_DOWN): 0:(260.0,905.0)
:Sending Touch (ACTION_UP): 0:(251.52623,902.88666)
Sleeping for 300 milliseconds
:Sending Touch (ACTION_DOWN): 0:(624.0,722.0)
:Sending Touch (ACTION_UP): 0:(619.23157,722.923)
Sleeping for 300 milliseconds
:Sending Trackball (ACTION_MOVE): 0:(-2.0,0.0)
:Sending Trackball (ACTION_MOVE): 0:(4.0,-1.0)
:Sending Trackball (ACTION_MOVE): 0:(3.0,0.0)
:Sending Trackball (ACTION_MOVE): 0:(-5.0,0.0)
:Sending Trackball (ACTION_MOVE): 0:(1.0,1.0)
:Sending Trackball (ACTION_MOVE): 0:(2.0,3.0)
:Sending Trackball (ACTION_MOVE): 0:(3.0,4.0)
:Sending Trackball (ACTION_MOVE): 0:(-1.0,-1.0)
:Sending Trackball (ACTION_MOVE): 0:(-3.0,3.0)
:Sending Trackball (ACTION_MOVE): 0:(0.0,-2.0)
:Switch: #Intent;action=android.intent.action.MAIN;category=android.intent.category.LAUNCHER;launchFlags=0x10200000;component=com.jieshun.jslife/.activity.common.WelcomeActivity;end
    // Allowing start of Intent { act=android.intent.action.MAIN cat=[android.intent.category.LAUNCHER] cmp=com.jieshun.jslife/.activity.common.WelcomeActivity } in package com.jieshun.jslife
Sleeping for 300 milliseconds
:Sending Touch (ACTION_DOWN): 0:(279.0,1457.0)
:Sending Touch (ACTION_UP): 0:(289.93066,1445.7104)
Sleeping for 300 milliseconds
:Sending Touch (ACTION_DOWN): 0:(682.0,477.0)
:Sending Touch (ACTION_UP): 0:(678.91034,473.73654)
Sleeping for 300 milliseconds
:Sending Touch (ACTION_DOWN): 0:(390.0,686.0)
:Sending Touch (ACTION_MOVE): 0:(385.3875,685.0419)
:Sending Touch (ACTION_MOVE): 0:(384.25888,684.644)
:Sending Touch (ACTION_UP): 0:(380.4825,684.07056)
Sleeping for 300 milliseconds
:Sending Touch (ACTION_DOWN): 0:(372.0,1721.0)
:Sending Touch (ACTION_UP): 0:(391.3706,1708.6749)
Sleeping for 300 milliseconds
:Sending Touch (ACTION_DOWN): 0:(207.0,893.0)
:Sending Touch (ACTION_UP): 0:(206.10742,890.5922)
Sleeping for 300 milliseconds
:Sending Touch (ACTION_DOWN): 0:(231.0,1090.0)
:Sending Touch (ACTION_UP): 0:(245.01726,1084.3903)
Sleeping for 300 milliseconds
:Sending Touch (ACTION_DOWN): 0:(467.0,834.0)
:Sending Touch (ACTION_UP): 0:(470.82632,827.27783)
Sleeping for 300 milliseconds
:Sending Touch (ACTION_DOWN): 0:(28.0,1841.0)
:Sending Touch (ACTION_UP): 0:(27.91498,1825.0704)
Sleeping for 300 milliseconds
:Sending Touch (ACTION_DOWN): 0:(0.0,1034.0)
:Sending Touch (ACTION_UP): 0:(15.8187475,1041.0002)
Sleeping for 300 milliseconds
:Sending Touch (ACTION_DOWN): 0:(474.0,819.0)
:Sending Touch (ACTION_UP): 0:(458.6029,820.5259)
Sleeping for 300 milliseconds
:Sending Touch (ACTION_DOWN): 0:(673.0,145.0)
:Sending Touch (ACTION_UP): 0:(670.9034,148.05711)
Sleeping for 300 milliseconds
:Sending Touch (ACTION_DOWN): 0:(212.0,156.0)
:Sending Touch (ACTION_UP): 0:(216.3008,159.16617)
Sleeping for 300 milliseconds
:Sending Touch (ACTION_DOWN): 0:(802.0,43.0)
:Sending Touch (ACTION_UP): 0:(807.53064,41.725937)
Sleeping for 300 milliseconds
:Sending Touch (ACTION_DOWN): 0:(344.0,1095.0)
:Sending Touch (ACTION_UP): 0:(334.38327,1093.3517)
Sleeping for 300 milliseconds
:Sending Touch (ACTION_DOWN): 0:(106.0,955.0)
:Sending Touch (ACTION_MOVE): 0:(117.151306,950.35266)
:Sending Touch (ACTION_MOVE): 0:(134.48546,948.66345)
:Sending Touch (ACTION_MOVE): 0:(148.69594,939.96893)
:Sending Touch (ACTION_UP): 0:(157.20895,932.356)
Sleeping for 300 milliseconds
:Sending Touch (ACTION_DOWN): 0:(986.0,467.0)
:Sending Touch (ACTION_UP): 0:(988.55664,467.1318)
Sleeping for 300 milliseconds
:Sending Touch (ACTION_DOWN): 0:(958.0,369.0)
:Sending Touch (ACTION_UP): 0:(955.1362,387.25195)
Sleeping for 300 milliseconds
:Sending Touch (ACTION_DOWN): 0:(586.0,106.0)
:Sending Touch (ACTION_UP): 0:(580.38165,103.399124)
Sleeping for 300 milliseconds
:Sending Touch (ACTION_DOWN): 0:(71.0,653.0)
:Sending Touch (ACTION_UP): 0:(72.39705,645.0905)
Sleeping for 300 milliseconds
:Switch: #Intent;action=android.intent.action.MAIN;category=android.intent.category.LAUNCHER;launchFlags=0x10200000;component=com.jieshun.jslife/.activity.common.WelcomeActivity;end
    // Allowing start of Intent { act=android.intent.action.MAIN cat=[android.intent.category.LAUNCHER] cmp=com.jieshun.jslife/.activity.common.WelcomeActivity } in package com.jieshun.jslife
Sleeping for 300 milliseconds
:Sending Touch (ACTION_DOWN): 0:(292.0,1867.0)
:Sending Touch (ACTION_UP): 0:(296.8817,1853.955)
Sleeping for 300 milliseconds
:Sending Touch (ACTION_DOWN): 0:(138.0,1147.0)
:Sending Touch (ACTION_UP): 0:(121.51573,1168.0948)
Sleeping for 300 milliseconds
:Sending Touch (ACTION_DOWN): 0:(282.0,592.0)
:Sending Touch (ACTION_UP): 0:(284.53915,605.93005)
Sleeping for 300 milliseconds
:Switch: #Intent;action=android.intent.action.MAIN;category=android.intent.category.LAUNCHER;launchFlags=0x10200000;component=com.jieshun.jslife/.activity.common.WelcomeActivity;end
    // Allowing start of Intent { act=android.intent.action.MAIN cat=[android.intent.category.LAUNCHER] cmp=com.jieshun.jslife/.activity.common.WelcomeActivity } in package com.jieshun.jslife
Sleeping for 300 milliseconds
:Sending Touch (ACTION_DOWN): 0:(1055.0,1418.0)
:Sending Touch (ACTION_UP): 0:(1056.7571,1424.6969)
Sleeping for 300 milliseconds
:Sending Touch (ACTION_DOWN): 0:(1012.0,818.0)
:Sending Touch (ACTION_UP): 0:(1005.7057,817.5364)
Sleeping for 300 milliseconds
:Sending Touch (ACTION_DOWN): 0:(420.0,685.0)
    //[calendar_time:2018-07-20 16:38:35.495  system_uptime:39162212]
    // Sending event #200
:Sending Touch (ACTION_UP): 0:(421.0369,684.9783)
Sleeping for 300 milliseconds
:Sending Touch (ACTION_DOWN): 0:(809.0,351.0)
:Sending Touch (ACTION_UP): 0:(807.5873,356.60916)
Sleeping for 300 milliseconds
:Sending Touch (ACTION_DOWN): 0:(656.0,637.0)
:Sending Touch (ACTION_UP): 0:(676.1256,640.49)
Sleeping for 300 milliseconds
:Sending Touch (ACTION_DOWN): 0:(387.0,591.0)
:Sending Touch (ACTION_UP): 0:(384.45132,586.80176)
Sleeping for 300 milliseconds
:Sending Touch (ACTION_DOWN): 0:(571.0,479.0)
:Sending Touch (ACTION_UP): 0:(565.58655,475.96457)
Sleeping for 300 milliseconds
:Sending Touch (ACTION_DOWN): 0:(666.0,1258.0)
:Sending Touch (ACTION_UP): 0:(664.8635,1258.3536)
Sleeping for 300 milliseconds
:Sending Touch (ACTION_DOWN): 0:(654.0,1361.0)
:Sending Touch (ACTION_UP): 0:(653.4862,1359.1995)
Sleeping for 300 milliseconds
:Sending Touch (ACTION_DOWN): 0:(386.0,1328.0)
:Sending Touch (ACTION_UP): 0:(384.59457,1336.8741)
Sleeping for 300 milliseconds
:Sending Touch (ACTION_DOWN): 0:(182.0,1759.0)
:Sending Touch (ACTION_MOVE): 0:(177.41612,1744.785)
:Sending Touch (ACTION_MOVE): 0:(175.58968,1737.2998)
:Sending Touch (ACTION_MOVE): 0:(173.14383,1724.7777)
:Sending Touch (ACTION_MOVE): 0:(164.34863,1705.9166)
:Sending Touch (ACTION_MOVE): 0:(163.75806,1697.5598)
:Sending Touch (ACTION_MOVE): 0:(154.68233,1693.6798)
:Sending Touch (ACTION_MOVE): 0:(152.64209,1682.4874)
:Sending Touch (ACTION_MOVE): 0:(150.4559,1668.4601)
:Sending Touch (ACTION_MOVE): 0:(140.68048,1649.1462)
:Sending Touch (ACTION_UP): 0:(138.10428,1635.349)
Sleeping for 300 milliseconds
:Sending Touch (ACTION_DOWN): 0:(824.0,1010.0)
:Sending Touch (ACTION_UP): 0:(816.55914,1005.00574)
Sleeping for 300 milliseconds
:Sending Trackball (ACTION_MOVE): 0:(-4.0,-1.0)
:Sending Trackball (ACTION_MOVE): 0:(1.0,-5.0)
:Sending Trackball (ACTION_MOVE): 0:(1.0,3.0)
:Sending Trackball (ACTION_MOVE): 0:(3.0,-3.0)
:Sending Trackball (ACTION_MOVE): 0:(2.0,-3.0)
:Sending Trackball (ACTION_MOVE): 0:(-5.0,1.0)
:Sending Trackball (ACTION_MOVE): 0:(-4.0,1.0)
:Sending Trackball (ACTION_MOVE): 0:(4.0,-3.0)
:Sending Trackball (ACTION_MOVE): 0:(-1.0,1.0)
:Sending Trackball (ACTION_MOVE): 0:(-3.0,4.0)
:Sending Trackball (ACTION_DOWN): 0:(0.0,0.0)
:Sending Trackball (ACTION_UP): 0:(0.0,0.0)
Sleeping for 300 milliseconds
    // Rejecting start of Intent { act=android.intent.action.CALL dat=tel:xxxxxxxxxx cmp=com.android.server.telecom/.components.UserCallActivity } in package com.android.server.telecom
:Sending Touch (ACTION_DOWN): 0:(176.0,395.0)
:Sending Touch (ACTION_UP): 0:(156.66525,381.69714)
Sleeping for 300 milliseconds
:Sending Touch (ACTION_DOWN): 0:(130.0,1579.0)
:Sending Touch (ACTION_UP): 0:(115.13513,1588.7681)
Sleeping for 300 milliseconds
:Sending Touch (ACTION_DOWN): 0:(44.0,560.0)
:Sending Touch (ACTION_UP): 0:(53.692177,563.5546)
Sleeping for 300 milliseconds
:Sending Touch (ACTION_DOWN): 0:(1053.0,580.0)
:Sending Touch (ACTION_UP): 0:(1068.6608,580.66345)
Sleeping for 300 milliseconds
:Switch: #Intent;action=android.intent.action.MAIN;category=android.intent.category.LAUNCHER;launchFlags=0x10200000;component=com.jieshun.jslife/.activity.common.WelcomeActivity;end
    // Allowing start of Intent { act=android.intent.action.MAIN cat=[android.intent.category.LAUNCHER] cmp=com.jieshun.jslife/.activity.common.WelcomeActivity } in package com.jieshun.jslife
Sleeping for 300 milliseconds
:Sending Touch (ACTION_DOWN): 0:(363.0,1633.0)
:Sending Touch (ACTION_UP): 0:(369.6364,1641.8256)
Sleeping for 300 milliseconds
:Sending Touch (ACTION_DOWN): 0:(324.0,404.0)
:Sending Touch (ACTION_UP): 0:(325.65305,402.31775)
Sleeping for 300 milliseconds
:Sending Touch (ACTION_DOWN): 0:(356.0,1260.0)
:Sending Touch (ACTION_UP): 0:(358.3774,1267.348)
Sleeping for 300 milliseconds
:Sending Touch (ACTION_DOWN): 0:(870.0,225.0)
:Sending Touch (ACTION_UP): 0:(873.47815,235.42673)
Sleeping for 300 milliseconds
:Sending Touch (ACTION_DOWN): 0:(194.0,900.0)
:Sending Touch (ACTION_UP): 0:(202.47328,886.94653)
Sleeping for 300 milliseconds
:Sending Touch (ACTION_DOWN): 0:(673.0,1244.0)
:Sending Touch (ACTION_UP): 0:(688.9625,1243.7672)
Sleeping for 300 milliseconds
:Sending Touch (ACTION_DOWN): 0:(909.0,1432.0)
:Sending Touch (ACTION_UP): 0:(909.2383,1432.0299)
Sleeping for 300 milliseconds
:Sending Touch (ACTION_DOWN): 0:(936.0,344.0)
:Sending Touch (ACTION_UP): 0:(938.9378,342.9678)
Sleeping for 300 milliseconds
:Sending Touch (ACTION_DOWN): 0:(1061.0,349.0)
:Sending Touch (ACTION_UP): 0:(1065.5139,338.011)
Sleeping for 300 milliseconds
:Sending Touch (ACTION_DOWN): 0:(13.0,1144.0)
:Sending Touch (ACTION_UP): 0:(20.148808,1132.6096)
Sleeping for 300 milliseconds
:Sending Touch (ACTION_DOWN): 0:(510.0,1118.0)
:Sending Touch (ACTION_UP): 0:(509.64072,1133.5952)
Sleeping for 300 milliseconds
:Sending Touch (ACTION_DOWN): 0:(677.0,34.0)
:Sending Touch (ACTION_UP): 0:(690.32556,35.280483)
Sleeping for 300 milliseconds
:Sending Touch (ACTION_DOWN): 0:(875.0,1051.0)
:Sending Touch (ACTION_UP): 0:(875.8025,1057.9464)
Sleeping for 300 milliseconds
:Sending Touch (ACTION_DOWN): 0:(376.0,652.0)
:Sending Touch (ACTION_UP): 0:(383.78046,645.79364)
Sleeping for 300 milliseconds
:Sending Touch (ACTION_DOWN): 0:(178.0,1166.0)
:Sending Touch (ACTION_UP): 0:(178.22658,1187.0438)
Sleeping for 300 milliseconds
:Sending Touch (ACTION_DOWN): 0:(623.0,121.0)
:Sending Touch (ACTION_UP): 0:(620.3731,129.15271)
    // Injection Failed
Sleeping for 300 milliseconds
:Sending Touch (ACTION_DOWN): 0:(131.0,432.0)
:Sending Touch (ACTION_UP): 0:(137.24852,441.68225)
Sleeping for 300 milliseconds
:Sending Touch (ACTION_DOWN): 0:(495.0,1254.0)
:Sending Touch (ACTION_UP): 0:(490.9753,1251.4501)
Sleeping for 300 milliseconds
:Sending Touch (ACTION_DOWN): 0:(1067.0,43.0)
:Sending Touch (ACTION_UP): 0:(1080.0,42.348415)
    // Injection Failed
Sleeping for 300 milliseconds
:Sending Touch (ACTION_DOWN): 0:(923.0,511.0)
:Sending Touch (ACTION_UP): 0:(919.1738,517.7666)
Sleeping for 300 milliseconds
:Sending Touch (ACTION_DOWN): 0:(1065.0,1403.0)
:Sending Touch (ACTION_UP): 0:(1063.2317,1411.9066)
Sleeping for 300 milliseconds
:Sending Touch (ACTION_DOWN): 0:(1027.0,610.0)
:Sending Touch (ACTION_UP): 0:(1031.2942,610.46796)
Sleeping for 300 milliseconds
    // activityResuming(com.jieshun.jslife)
:Sending Touch (ACTION_DOWN): 0:(944.0,367.0)
:Sending Touch (ACTION_UP): 0:(949.8317,361.94888)
Sleeping for 300 milliseconds
:Sending Touch (ACTION_DOWN): 0:(719.0,951.0)
:Sending Touch (ACTION_UP): 0:(722.47003,960.4065)
Sleeping for 300 milliseconds
    // Allowing start of Intent { cmp=com.jieshun.jslife/.activity.userinfo.ConsumeOrderDetailActivity } in package com.jieshun.jslife
:Sending Trackball (ACTION_MOVE): 0:(1.0,4.0)
:Sending Trackball (ACTION_MOVE): 0:(4.0,4.0)
:Sending Trackball (ACTION_MOVE): 0:(-3.0,2.0)
    //[calendar_time:2018-07-20 16:38:48.136  system_uptime:39174852]
    // Sending event #300
:Sending Trackball (ACTION_MOVE): 0:(-3.0,0.0)
:Sending Trackball (ACTION_MOVE): 0:(1.0,3.0)
:Sending Trackball (ACTION_MOVE): 0:(3.0,2.0)
:Sending Trackball (ACTION_MOVE): 0:(3.0,3.0)
:Sending Trackball (ACTION_MOVE): 0:(-3.0,1.0)
:Sending Trackball (ACTION_MOVE): 0:(2.0,-5.0)
:Sending Trackball (ACTION_MOVE): 0:(0.0,-2.0)
:Sending Touch (ACTION_DOWN): 0:(514.0,1493.0)
:Sending Touch (ACTION_UP): 0:(517.15845,1509.577)
Sleeping for 300 milliseconds
:Sending Touch (ACTION_DOWN): 0:(181.0,1784.0)
:Sending Touch (ACTION_UP): 0:(180.75145,1781.5491)
Sleeping for 300 milliseconds
:Sending Touch (ACTION_DOWN): 0:(1067.0,1863.0)
:Sending Touch (ACTION_UP): 0:(1068.8822,1868.0032)
Sleeping for 300 milliseconds
:Sending Touch (ACTION_DOWN): 0:(1053.0,296.0)
:Sending Touch (ACTION_UP): 0:(1041.271,295.07504)
Sleeping for 300 milliseconds
:Sending Touch (ACTION_DOWN): 0:(498.0,479.0)
:Sending Touch (ACTION_UP): 0:(497.1692,474.11716)
Sleeping for 300 milliseconds
:Sending Touch (ACTION_DOWN): 0:(340.0,1899.0)
:Sending Touch (ACTION_UP): 0:(345.45718,1902.1825)
Sleeping for 300 milliseconds
:Sending Touch (ACTION_DOWN): 0:(317.0,1740.0)
:Sending Touch (ACTION_UP): 0:(310.8669,1738.0065)
Sleeping for 300 milliseconds
    // activityResuming(com.jieshun.jslife)
:Sending Touch (ACTION_DOWN): 0:(598.0,765.0)
:Sending Touch (ACTION_UP): 0:(596.76,768.7225)
Sleeping for 300 milliseconds
    // activityResuming(com.jieshun.jslife)
:Sending Touch (ACTION_DOWN): 0:(774.0,909.0)
:Sending Touch (ACTION_UP): 0:(759.9313,921.0218)
Sleeping for 300 milliseconds
    // Allowing start of Intent { cmp=com.jieshun.jslife/.activity.userinfo.ConsumeOrderDetailActivity } in package com.jieshun.jslife
:Sending Touch (ACTION_DOWN): 0:(399.0,1068.0)
:Sending Touch (ACTION_UP): 0:(404.38983,1078.3022)
Sleeping for 300 milliseconds
:Sending Touch (ACTION_DOWN): 0:(520.0,265.0)
:Sending Touch (ACTION_UP): 0:(520.33264,269.64468)
Sleeping for 300 milliseconds
    // activityResuming(com.jieshun.jslife)
:Sending Touch (ACTION_DOWN): 0:(989.0,880.0)
:Sending Touch (ACTION_UP): 0:(990.567,880.75073)
Sleeping for 300 milliseconds
    // activityResuming(com.jieshun.jslife)
:Sending Trackball (ACTION_MOVE): 0:(3.0,-3.0)
:Sending Trackball (ACTION_MOVE): 0:(-1.0,-2.0)
:Sending Trackball (ACTION_MOVE): 0:(0.0,1.0)
:Sending Trackball (ACTION_MOVE): 0:(4.0,3.0)
:Sending Trackball (ACTION_MOVE): 0:(-2.0,-1.0)
:Sending Trackball (ACTION_MOVE): 0:(3.0,-2.0)
:Sending Trackball (ACTION_MOVE): 0:(2.0,4.0)
:Sending Trackball (ACTION_MOVE): 0:(3.0,-3.0)
:Sending Trackball (ACTION_MOVE): 0:(2.0,2.0)
:Sending Trackball (ACTION_MOVE): 0:(-1.0,4.0)
:Sending Touch (ACTION_DOWN): 0:(17.0,1081.0)
:Sending Touch (ACTION_UP): 0:(2.8023367,1089.886)
Sleeping for 300 milliseconds
    // Allowing start of Intent { cmp=com.jieshun.jslife/.activity.userinfo.OpenDoorApplyWebViewActivity } in package com.jieshun.jslife
:Sending Touch (ACTION_DOWN): 0:(770.0,1297.0)
:Sending Touch (ACTION_UP): 0:(774.29034,1311.896)
Sleeping for 300 milliseconds
:Sending Touch (ACTION_DOWN): 0:(763.0,470.0)
:Sending Touch (ACTION_UP): 0:(767.6369,471.92334)
Sleeping for 300 milliseconds
:Sending Trackball (ACTION_MOVE): 0:(-2.0,-2.0)
:Sending Trackball (ACTION_MOVE): 0:(2.0,-4.0)
:Sending Trackball (ACTION_MOVE): 0:(-5.0,3.0)
:Sending Trackball (ACTION_MOVE): 0:(-3.0,-4.0)
:Sending Trackball (ACTION_MOVE): 0:(-5.0,-4.0)
:Sending Trackball (ACTION_MOVE): 0:(-4.0,-3.0)
:Sending Trackball (ACTION_MOVE): 0:(-3.0,1.0)
:Sending Trackball (ACTION_MOVE): 0:(3.0,4.0)
:Sending Trackball (ACTION_MOVE): 0:(-4.0,-2.0)
:Sending Trackball (ACTION_MOVE): 0:(1.0,-1.0)
:Sending Touch (ACTION_DOWN): 0:(481.0,7.0)
:Sending Touch (ACTION_UP): 0:(480.60248,14.068987)
Sleeping for 300 milliseconds
:Sending Touch (ACTION_DOWN): 0:(402.0,770.0)
:Sending Touch (ACTION_UP): 0:(403.7311,788.7318)
Sleeping for 300 milliseconds
:Sending Touch (ACTION_DOWN): 0:(1023.0,1346.0)
:Sending Touch (ACTION_UP): 0:(1019.2771,1346.2991)
Sleeping for 300 milliseconds
:Sending Touch (ACTION_DOWN): 0:(141.0,642.0)
:Sending Touch (ACTION_UP): 0:(146.88478,636.1368)
Sleeping for 300 milliseconds
:Sending Touch (ACTION_DOWN): 0:(25.0,338.0)
:Sending Touch (ACTION_UP): 0:(24.049437,337.8369)
Sleeping for 300 milliseconds
:Sending Touch (ACTION_DOWN): 0:(720.0,607.0)
:Sending Touch (ACTION_UP): 0:(719.9581,615.4417)
Sleeping for 300 milliseconds
:Sending Touch (ACTION_DOWN): 0:(808.0,1634.0)
:Sending Touch (ACTION_UP): 0:(807.50085,1628.5201)
Sleeping for 300 milliseconds
    // activityResuming(com.jieshun.jslife)
:Sending Touch (ACTION_DOWN): 0:(163.0,1121.0)
:Sending Touch (ACTION_UP): 0:(161.2146,1112.1846)
Sleeping for 300 milliseconds
:Sending Touch (ACTION_DOWN): 0:(76.0,1345.0)
:Sending Touch (ACTION_UP): 0:(90.060234,1329.6622)
Sleeping for 300 milliseconds
    // Allowing start of Intent { cmp=com.jieshun.jslife/.activity.userinfo.AboutJSActivity } in package com.jieshun.jslife
:Sending Touch (ACTION_DOWN): 0:(1075.0,1386.0)
:Sending Touch (ACTION_UP): 0:(1075.0214,1386.6631)
Sleeping for 300 milliseconds
:Sending Touch (ACTION_DOWN): 0:(994.0,1521.0)
:Sending Touch (ACTION_UP): 0:(993.4746,1533.0723)
Sleeping for 300 milliseconds
:Sending Touch (ACTION_DOWN): 0:(978.0,421.0)
:Sending Touch (ACTION_UP): 0:(981.6597,416.77856)
Sleeping for 300 milliseconds
:Sending Touch (ACTION_DOWN): 0:(1022.0,906.0)
:Sending Touch (ACTION_UP): 0:(1020.6474,913.156)
Sleeping for 300 milliseconds
:Sending Touch (ACTION_DOWN): 0:(483.0,1331.0)
:Sending Touch (ACTION_UP): 0:(482.43402,1337.1414)
Sleeping for 300 milliseconds
:Sending Touch (ACTION_DOWN): 0:(544.0,1220.0)
:Sending Touch (ACTION_UP): 0:(544.7234,1220.7385)
Sleeping for 300 milliseconds
    // activityResuming(com.jieshun.jslife)
:Sending Touch (ACTION_DOWN): 0:(548.0,950.0)
:Sending Touch (ACTION_UP): 0:(525.3346,957.0)
Sleeping for 300 milliseconds
    // Allowing start of Intent { cmp=com.jieshun.jslife/.activity.userinfo.usercars.UserCarsNewActivity } in package com.jieshun.jslife
:Sending Touch (ACTION_DOWN): 0:(990.0,1067.0)
:Sending Touch (ACTION_UP): 0:(988.1992,1069.2968)
Sleeping for 300 milliseconds
:Sending Trackball (ACTION_MOVE): 0:(3.0,-4.0)
:Sending Trackball (ACTION_MOVE): 0:(4.0,2.0)
:Sending Trackball (ACTION_MOVE): 0:(-3.0,2.0)
:Sending Trackball (ACTION_MOVE): 0:(-3.0,3.0)
:Sending Trackball (ACTION_MOVE): 0:(2.0,2.0)
:Sending Trackball (ACTION_MOVE): 0:(-1.0,1.0)
:Sending Trackball (ACTION_MOVE): 0:(3.0,-1.0)
:Sending Trackball (ACTION_MOVE): 0:(-3.0,4.0)
:Sending Trackball (ACTION_MOVE): 0:(2.0,3.0)
    //[calendar_time:2018-07-20 16:38:58.150  system_uptime:39184866]
    // Sending event #400
:Sending Trackball (ACTION_MOVE): 0:(-1.0,-4.0)
:Sending Touch (ACTION_DOWN): 0:(241.0,1163.0)
:Sending Touch (ACTION_UP): 0:(233.55525,1164.1053)
Sleeping for 300 milliseconds
    // Allowing start of Intent { cmp=com.jieshun.jslife/.activity.opendoor.OpenFastPassActivity } in package com.jieshun.jslife
:Sending Touch (ACTION_DOWN): 0:(730.0,1775.0)
:Sending Touch (ACTION_UP): 0:(730.0694,1779.6997)
Sleeping for 300 milliseconds
    // activityResuming(com.jieshun.jslife)
:Sending Touch (ACTION_DOWN): 0:(862.0,345.0)
:Sending Touch (ACTION_UP): 0:(867.24255,345.98334)
Sleeping for 300 milliseconds
    // Allowing start of Intent { cmp=com.jieshun.jslife/.activity.common.MainFragmentActivity } in package com.jieshun.jslife
    // activityResuming(com.jieshun.jslife)
:Switch: #Intent;action=android.intent.action.MAIN;category=android.intent.category.LAUNCHER;launchFlags=0x10200000;component=com.jieshun.jslife/.activity.common.WelcomeActivity;end
    // Allowing start of Intent { act=android.intent.action.MAIN cat=[android.intent.category.LAUNCHER] cmp=com.jieshun.jslife/.activity.common.WelcomeActivity } in package com.jieshun.jslife
Sleeping for 300 milliseconds
    // Allowing start of Intent { cmp=com.jieshun.jslife/.activity.userinfo.UserInfoNewActivity } in package com.jieshun.jslife
:Sending Touch (ACTION_DOWN): 0:(526.0,1624.0)
:Sending Touch (ACTION_UP): 0:(517.3836,1634.6611)
Sleeping for 300 milliseconds
:Sending Touch (ACTION_DOWN): 0:(591.0,1555.0)
:Sending Touch (ACTION_UP): 0:(591.8757,1548.7059)
Sleeping for 300 milliseconds
:Sending Key (ACTION_DOWN): 24    // KEYCODE_VOLUME_UP
:Sending Key (ACTION_UP): 24    // KEYCODE_VOLUME_UP
Sleeping for 300 milliseconds
:Sending Trackball (ACTION_MOVE): 0:(4.0,-4.0)
:Sending Trackball (ACTION_MOVE): 0:(2.0,2.0)
:Sending Trackball (ACTION_MOVE): 0:(0.0,2.0)
:Sending Trackball (ACTION_MOVE): 0:(-5.0,2.0)
:Sending Trackball (ACTION_MOVE): 0:(-1.0,0.0)
:Sending Trackball (ACTION_MOVE): 0:(4.0,3.0)
:Sending Trackball (ACTION_MOVE): 0:(2.0,0.0)
:Sending Trackball (ACTION_MOVE): 0:(-1.0,1.0)
:Sending Trackball (ACTION_MOVE): 0:(-2.0,-4.0)
:Sending Trackball (ACTION_MOVE): 0:(-3.0,4.0)
:Sending Touch (ACTION_DOWN): 0:(336.0,76.0)
:Sending Touch (ACTION_UP): 0:(335.90814,75.959236)
Sleeping for 300 milliseconds
:Sending Touch (ACTION_DOWN): 0:(373.0,1109.0)
:Sending Touch (ACTION_UP): 0:(373.2883,1113.4138)
Sleeping for 300 milliseconds
:Sending Touch (ACTION_DOWN): 0:(736.0,1413.0)
:Sending Touch (ACTION_UP): 0:(737.25696,1412.1538)
Sleeping for 300 milliseconds
:Sending Touch (ACTION_DOWN): 0:(280.0,1551.0)
:Sending Touch (ACTION_UP): 0:(273.10944,1552.6332)
Sleeping for 300 milliseconds
    // Allowing start of Intent { cmp=com.jieshun.jslife/.activity.userinfo.UserAlignActivity } in package com.jieshun.jslife
:Sending Key (ACTION_DOWN): 24    // KEYCODE_VOLUME_UP
:Sending Key (ACTION_UP): 24    // KEYCODE_VOLUME_UP
Sleeping for 300 milliseconds
:Sending Touch (ACTION_DOWN): 0:(497.0,1613.0)
:Sending Touch (ACTION_UP): 0:(506.80887,1596.2227)
Sleeping for 300 milliseconds
:Sending Touch (ACTION_DOWN): 0:(386.0,958.0)
:Sending Touch (ACTION_UP): 0:(381.59488,940.5679)
Sleeping for 300 milliseconds
:Sending Touch (ACTION_DOWN): 0:(508.0,1713.0)
:Sending Touch (ACTION_MOVE): 0:(517.6465,1719.8105)
:Sending Touch (ACTION_MOVE): 0:(536.28436,1730.8021)
:Sending Touch (ACTION_MOVE): 0:(548.66406,1747.5577)
:Sending Touch (ACTION_MOVE): 0:(565.70044,1749.6274)
:Sending Touch (ACTION_MOVE): 0:(577.9648,1754.5212)
:Sending Touch (ACTION_MOVE): 0:(584.01886,1758.7244)
:Sending Touch (ACTION_UP): 0:(588.3336,1775.3982)
Sleeping for 300 milliseconds
:Sending Touch (ACTION_DOWN): 0:(641.0,1410.0)
:Sending Touch (ACTION_UP): 0:(641.5991,1408.7275)
Sleeping for 300 milliseconds
:Switch: #Intent;action=android.intent.action.MAIN;category=android.intent.category.LAUNCHER;launchFlags=0x10200000;component=com.jieshun.jslife/.activity.common.WelcomeActivity;end
    // Allowing start of Intent { act=android.intent.action.MAIN cat=[android.intent.category.LAUNCHER] cmp=com.jieshun.jslife/.activity.common.WelcomeActivity } in package com.jieshun.jslife
Sleeping for 300 milliseconds
    // activityResuming(com.jieshun.jslife)
:Sending Touch (ACTION_DOWN): 0:(570.0,1152.0)
:Sending Touch (ACTION_UP): 0:(585.6247,1153.5382)
Sleeping for 300 milliseconds
:Sending Touch (ACTION_DOWN): 0:(818.0,54.0)
:Sending Touch (ACTION_UP): 0:(829.5461,47.16195)
Sleeping for 300 milliseconds
:Sending Touch (ACTION_DOWN): 0:(912.0,669.0)
:Sending Touch (ACTION_UP): 0:(922.00183,678.3972)
Sleeping for 300 milliseconds
    // Allowing start of Intent { cmp=com.jieshun.jslife/.activity.userinfo.SetRealNameActivity } in package com.jieshun.jslife
:Sending Touch (ACTION_DOWN): 0:(900.0,1542.0)
:Sending Touch (ACTION_MOVE): 0:(896.0281,1541.4098)
:Sending Touch (ACTION_MOVE): 0:(894.8887,1540.7135)
:Sending Touch (ACTION_MOVE): 0:(885.3836,1539.4929)
:Sending Touch (ACTION_MOVE): 0:(884.5028,1538.0167)
:Sending Touch (ACTION_MOVE): 0:(882.3051,1536.9623)
:Sending Touch (ACTION_UP): 0:(880.8172,1536.2042)
Sleeping for 300 milliseconds
:Sending Touch (ACTION_DOWN): 0:(373.0,1652.0)
:Sending Touch (ACTION_UP): 0:(382.64645,1649.5857)
Sleeping for 300 milliseconds
:Sending Touch (ACTION_DOWN): 0:(160.0,1685.0)
:Sending Touch (ACTION_UP): 0:(160.0425,1678.7854)
Sleeping for 300 milliseconds
:Sending Touch (ACTION_DOWN): 0:(710.0,1401.0)
:Sending Touch (ACTION_UP): 0:(707.5022,1403.0668)
Sleeping for 300 milliseconds
:Sending Touch (ACTION_DOWN): 0:(526.0,1273.0)
:Sending Touch (ACTION_UP): 0:(521.94946,1285.0951)
Sleeping for 300 milliseconds
:Sending Touch (ACTION_DOWN): 0:(524.0,1085.0)
:Sending Touch (ACTION_UP): 0:(532.373,1079.1025)
Sleeping for 300 milliseconds
:Sending Touch (ACTION_DOWN): 0:(842.0,630.0)
:Sending Touch (ACTION_UP): 0:(834.999,623.5665)
    // activityResuming(com.jieshun.jslife)
Sleeping for 300 milliseconds
:Sending Touch (ACTION_DOWN): 0:(814.0,42.0)
:Sending Touch (ACTION_UP): 0:(813.6717,24.662838)
Sleeping for 300 milliseconds
:Sending Touch (ACTION_DOWN): 0:(158.0,1809.0)
:Sending Touch (ACTION_UP): 0:(152.08449,1805.565)
Sleeping for 300 milliseconds
:Sending Touch (ACTION_DOWN): 0:(924.0,115.0)
:Sending Touch (ACTION_UP): 0:(926.686,115.067444)
Sleeping for 300 milliseconds
:Sending Touch (ACTION_DOWN): 0:(1010.0,290.0)
:Sending Touch (ACTION_UP): 0:(1009.4388,281.09924)
Sleeping for 300 milliseconds
:Sending Touch (ACTION_DOWN): 0:(254.0,1475.0)
:Sending Touch (ACTION_UP): 0:(248.44592,1469.838)
Sleeping for 300 milliseconds
:Sending Touch (ACTION_DOWN): 0:(130.0,1031.0)
:Sending Touch (ACTION_UP): 0:(130.37495,1049.0944)
Sleeping for 300 milliseconds
:Sending Touch (ACTION_DOWN): 0:(483.0,590.0)
:Sending Touch (ACTION_UP): 0:(483.4791,592.3441)
    // Injection Failed
Sleeping for 300 milliseconds
:Sending Key (ACTION_DOWN): 4    // KEYCODE_BACK
:Sending Key (ACTION_UP): 4    // KEYCODE_BACK
Sleeping for 300 milliseconds
    // activityResuming(com.jieshun.jslife)
:Sending Touch (ACTION_DOWN): 0:(57.0,79.0)
:Sending Touch (ACTION_UP): 0:(56.401386,93.69203)
Sleeping for 300 milliseconds
    // Allowing start of Intent { cmp=com.jieshun.jslife/.activity.userinfo.UserInfoNewActivity } in package com.jieshun.jslife
:Sending Touch (ACTION_DOWN): 0:(288.0,1143.0)
:Sending Touch (ACTION_UP): 0:(281.87735,1121.1317)
Sleeping for 300 milliseconds
:Sending Touch (ACTION_DOWN): 0:(769.0,664.0)
:Sending Touch (ACTION_UP): 0:(755.73883,654.4594)
Sleeping for 300 milliseconds
:Sending Touch (ACTION_DOWN): 0:(703.0,1703.0)
:Sending Touch (ACTION_UP): 0:(681.3183,1701.7585)
Sleeping for 300 milliseconds
:Sending Touch (ACTION_DOWN): 0:(504.0,594.0)
:Sending Touch (ACTION_UP): 0:(508.11807,593.8953)
Events injected: 500
:Sending rotation degree=0, persist=false
    // Allowing start of Intent { cmp=com.jieshun.jslife/.activity.userinfo.SetRealNameActivity } in package com.jieshun.jslife
:Dropped: keys=0 pointers=3 trackballs=0 flips=0 rotations=0
## Network stats: elapsed time=56919ms (0ms mobile, 0ms wifi, 56919ms not connected)
// Monkey finished
